[2019-12-02 13:27:12.353] [exthost] [info] extension host started
[2019-12-02 13:27:12.419] [exthost] [info] ExtensionService#_doActivateExtension vscode.typescript-language-features {"startup":false,"extensionId":{"value":"vscode.typescript-language-features","_lower":"vscode.typescript-language-features"},"activationEvent":"onLanguage:javascript"}
[2019-12-02 13:27:12.420] [exthost] [info] ExtensionService#loadCommonJSModule file:///snap/code/21/usr/share/code/resources/app/extensions/typescript-language-features/dist/extension
[2019-12-02 13:27:12.486] [exthost] [info] ExtensionService#_doActivateExtension bierner.lit-html {"startup":false,"extensionId":{"value":"bierner.lit-html","_lower":"bierner.lit-html"},"activationEvent":"onLanguage:javascript"}
[2019-12-02 13:27:12.486] [exthost] [info] ExtensionService#loadCommonJSModule file:///home/sachin/.vscode/extensions/bierner.lit-html-1.11.1/out/index.js
[2019-12-02 13:27:12.494] [exthost] [info] ExtensionService#_doActivateExtension ecmel.vscode-html-css {"startup":false,"extensionId":{"value":"ecmel.vscode-html-css","_lower":"ecmel.vscode-html-css"},"activationEvent":"onLanguage:javascript"}
[2019-12-02 13:27:12.494] [exthost] [info] ExtensionService#loadCommonJSModule file:///home/sachin/.vscode/extensions/ecmel.vscode-html-css-0.2.3/dist/extension
[2019-12-02 13:27:12.561] [exthost] [info] ExtensionService#_doActivateExtension lonefy.vscode-JS-CSS-HTML-formatter {"startup":false,"extensionId":{"value":"lonefy.vscode-JS-CSS-HTML-formatter","_lower":"lonefy.vscode-js-css-html-formatter"},"activationEvent":"onLanguage:javascript"}
[2019-12-02 13:27:12.561] [exthost] [info] ExtensionService#loadCommonJSModule file:///home/sachin/.vscode/extensions/lonefy.vscode-js-css-html-formatter-0.2.3/out/src/extension
[2019-12-02 13:27:12.574] [exthost] [info] ExtensionService#_doActivateExtension VisualStudioExptTeam.vscodeintellicode {"startup":false,"extensionId":{"value":"VisualStudioExptTeam.vscodeintellicode","_lower":"visualstudioexptteam.vscodeintellicode"},"activationEvent":"onLanguage:javascript"}
[2019-12-02 13:27:12.574] [exthost] [info] ExtensionService#loadCommonJSModule file:///home/sachin/.vscode/extensions/visualstudioexptteam.vscodeintellicode-1.2.0/dist/intellicode
[2019-12-02 13:27:12.617] [exthost] [info] ExtensionService#_doActivateExtension vscode.debug-auto-launch {"startup":true,"extensionId":{"value":"vscode.debug-auto-launch","_lower":"vscode.debug-auto-launch"},"activationEvent":"*"}
[2019-12-02 13:27:12.617] [exthost] [info] ExtensionService#loadCommonJSModule file:///snap/code/21/usr/share/code/resources/app/extensions/debug-auto-launch/dist/extension
[2019-12-02 13:27:12.619] [exthost] [info] ExtensionService#_doActivateExtension vscode.emmet {"startup":true,"extensionId":{"value":"vscode.emmet","_lower":"vscode.emmet"},"activationEvent":"*"}
[2019-12-02 13:27:12.619] [exthost] [info] ExtensionService#loadCommonJSModule file:///snap/code/21/usr/share/code/resources/app/extensions/emmet/dist/extension
[2019-12-02 13:27:12.633] [exthost] [info] ExtensionService#_doActivateExtension vscode.git {"startup":true,"extensionId":{"value":"waderyan.gitblame","_lower":"waderyan.gitblame"},"activationEvent":"*"}
[2019-12-02 13:27:12.633] [exthost] [info] ExtensionService#loadCommonJSModule file:///snap/code/21/usr/share/code/resources/app/extensions/git/dist/main
[2019-12-02 13:27:12.653] [exthost] [info] ExtensionService#_doActivateExtension vscode.merge-conflict {"startup":true,"extensionId":{"value":"vscode.merge-conflict","_lower":"vscode.merge-conflict"},"activationEvent":"*"}
[2019-12-02 13:27:12.653] [exthost] [info] ExtensionService#loadCommonJSModule file:///snap/code/21/usr/share/code/resources/app/extensions/merge-conflict/dist/extension
[2019-12-02 13:27:12.655] [exthost] [info] ExtensionService#_doActivateExtension eamodio.gitlens {"startup":true,"extensionId":{"value":"eamodio.gitlens","_lower":"eamodio.gitlens"},"activationEvent":"*"}
[2019-12-02 13:27:12.655] [exthost] [info] ExtensionService#loadCommonJSModule file:///home/sachin/.vscode/extensions/eamodio.gitlens-10.2.0/dist/extension
[2019-12-02 13:27:12.694] [exthost] [info] ExtensionService#_doActivateExtension esbenp.prettier-vscode {"startup":true,"extensionId":{"value":"esbenp.prettier-vscode","_lower":"esbenp.prettier-vscode"},"activationEvent":"*"}
[2019-12-02 13:27:12.694] [exthost] [info] ExtensionService#loadCommonJSModule file:///home/sachin/.vscode/extensions/esbenp.prettier-vscode-3.11.0/dist/extension
[2019-12-02 13:27:12.727] [exthost] [info] ExtensionService#_doActivateExtension filwaline.vscode-postfix-python {"startup":true,"extensionId":{"value":"filwaline.vscode-postfix-python","_lower":"filwaline.vscode-postfix-python"},"activationEvent":"*"}
[2019-12-02 13:27:12.727] [exthost] [info] ExtensionService#loadCommonJSModule file:///home/sachin/.vscode/extensions/filwaline.vscode-postfix-python-0.1.3/out/src/extension
[2019-12-02 13:27:12.886] [exthost] [info] ExtensionService#_doActivateExtension formulahendry.auto-close-tag {"startup":true,"extensionId":{"value":"formulahendry.auto-close-tag","_lower":"formulahendry.auto-close-tag"},"activationEvent":"*"}
[2019-12-02 13:27:12.886] [exthost] [info] ExtensionService#loadCommonJSModule file:///home/sachin/.vscode/extensions/formulahendry.auto-close-tag-0.5.6/out/src/extension
[2019-12-02 13:27:12.887] [exthost] [info] ExtensionService#_doActivateExtension formulahendry.auto-rename-tag {"startup":true,"extensionId":{"value":"formulahendry.auto-rename-tag","_lower":"formulahendry.auto-rename-tag"},"activationEvent":"*"}
[2019-12-02 13:27:12.887] [exthost] [info] ExtensionService#loadCommonJSModule file:///home/sachin/.vscode/extensions/formulahendry.auto-rename-tag-0.1.1/out/src/extension
[2019-12-02 13:27:12.889] [exthost] [info] ExtensionService#_doActivateExtension hbenl.vscode-test-explorer {"startup":true,"extensionId":{"value":"hbenl.vscode-test-explorer","_lower":"hbenl.vscode-test-explorer"},"activationEvent":"*"}
[2019-12-02 13:27:12.889] [exthost] [info] ExtensionService#loadCommonJSModule file:///home/sachin/.vscode/extensions/hbenl.vscode-test-explorer-2.14.6/out/main.js
[2019-12-02 13:27:12.907] [exthost] [info] ExtensionService#_doActivateExtension HookyQR.beautify {"startup":true,"extensionId":{"value":"HookyQR.beautify","_lower":"hookyqr.beautify"},"activationEvent":"*"}
[2019-12-02 13:27:12.907] [exthost] [info] ExtensionService#loadCommonJSModule file:///home/sachin/.vscode/extensions/hookyqr.beautify-1.5.0/extension
[2019-12-02 13:27:12.947] [exthost] [info] ExtensionService#_doActivateExtension ritwickdey.LiveServer {"startup":true,"extensionId":{"value":"ritwickdey.LiveServer","_lower":"ritwickdey.liveserver"},"activationEvent":"*"}
[2019-12-02 13:27:12.947] [exthost] [info] ExtensionService#loadCommonJSModule file:///home/sachin/.vscode/extensions/ritwickdey.liveserver-5.6.1/out/src/extension
[2019-12-02 13:27:13.224] [exthost] [info] ExtensionService#_doActivateExtension Zignd.html-css-class-completion {"startup":true,"extensionId":{"value":"Zignd.html-css-class-completion","_lower":"zignd.html-css-class-completion"},"activationEvent":"*"}
[2019-12-02 13:27:13.224] [exthost] [info] ExtensionService#loadCommonJSModule file:///home/sachin/.vscode/extensions/zignd.html-css-class-completion-1.19.0/out/src/extension
[2019-12-02 13:27:13.414] [exthost] [info] ExtensionService#_doActivateExtension vscode.npm {"startup":true,"extensionId":{"value":"vscode.npm","_lower":"vscode.npm"},"activationEvent":"workspaceContains:package.json"}
[2019-12-02 13:27:13.414] [exthost] [info] ExtensionService#loadCommonJSModule file:///snap/code/21/usr/share/code/resources/app/extensions/npm/dist/main
[2019-12-02 13:27:14.145] [exthost] [info] eager extensions activated
[2019-12-02 13:27:16.506] [exthost] [info] ExtensionService#_doActivateExtension waderyan.gitblame {"startup":true,"extensionId":{"value":"waderyan.gitblame","_lower":"waderyan.gitblame"},"activationEvent":"*"}
[2019-12-02 13:27:16.506] [exthost] [info] ExtensionService#loadCommonJSModule file:///home/sachin/.vscode/extensions/waderyan.gitblame-3.0.1/dist/bundle
[2019-12-02 13:27:28.370] [exthost] [info] ExtensionService#_doActivateExtension vscode.extension-editing {"startup":false,"extensionId":{"value":"vscode.extension-editing","_lower":"vscode.extension-editing"},"activationEvent":"onLanguage:typescript"}
[2019-12-02 13:27:28.371] [exthost] [info] ExtensionService#loadCommonJSModule file:///snap/code/21/usr/share/code/resources/app/extensions/extension-editing/dist/extension
[2019-12-02 13:27:38.789] [exthost] [error] [vscode.typescript-language-features] provider FAILED
[2019-12-02 13:27:38.801] [exthost] [error] Error: <semantic> TypeScript Server Error (3.6.3)
Debug Failure. Did not expect JsxSelfClosingElement to have an Identifier in its trivia
Error: Debug Failure. Did not expect JsxSelfClosingElement to have an Identifier in its trivia
    at addSyntheticNodes (tsserver.js:124556:30)
    at createChildren (tsserver.js:124545:9)
    at NodeObject.getChildren (tsserver.js:124489:56)
    at find (tsserver.js:99375:30)
    at findPrecedingToken (tsserver.js:99368:22)
    at getTokenAtPositionWorker (tsserver.js:99318:41)
    at getTouchingToken (tsserver.js:99292:16)
    at Object.getTouchingPropertyName (tsserver.js:99284:16)
    at Object.getQuickInfoAtPosition (tsserver.js:125574:27)
    at Proxy.<anonymous> (/home/sachin/.vscode/extensions/bierner.lit-html-1.11.1/node_modules/typescript-template-language-service-decorator/lib/template-language-service-decorator.js:63:24)
    at IOSession.Session.getQuickInfoWorker (tsserver.js:134638:62)
    at Session.handlers.ts.createMapFromTemplate._a.<computed> (tsserver.js:133675:61)
    at tsserver.js:135256:88
    at IOSession.Session.executeWithRequestId (tsserver.js:135247:28)
    at IOSession.Session.executeCommand (tsserver.js:135256:33)
    at IOSession.Session.onMessage (tsserver.js:135279:35)
    at Interface.<anonymous> (tsserver.js:136594:27)
    at Interface.emit (events.js:200:13)
    at Interface._onLine (readline.js:314:10)
    at Interface._normalWrite (readline.js:459:12)
    at Socket.ondata (readline.js:170:10)
    at Socket.emit (events.js:200:13)
    at addChunk (_stream_readable.js:294:12)
    at readableAddChunk (_stream_readable.js:275:11)
    at Socket.Readable.push (_stream_readable.js:210:10)
    at Pipe.onStreamRead (internal/stream_base_commons.js:166:17)
    at Function.create (/snap/code/21/usr/share/code/resources/app/extensions/typescript-language-features/dist/extension.js:53:63732)
    at h.dispatchResponse (/snap/code/21/usr/share/code/resources/app/extensions/typescript-language-features/dist/extension.js:53:56670)
    at h.dispatchMessage (/snap/code/21/usr/share/code/resources/app/extensions/typescript-language-features/dist/extension.js:53:55568)
    at /snap/code/21/usr/share/code/resources/app/extensions/typescript-language-features/dist/extension.js:53:55044
    at l.fire (/snap/code/21/usr/share/code/resources/app/out/vs/workbench/services/extensions/node/extensionHostProcess.js:47:207)
    at t.Reader.onLengthData (/snap/code/21/usr/share/code/resources/app/extensions/typescript-language-features/dist/extension.js:53:61946)
    at Socket.<anonymous> (/snap/code/21/usr/share/code/resources/app/extensions/typescript-language-features/dist/extension.js:53:61594)
    at Socket.emit (events.js:200:13)
    at addChunk (_stream_readable.js:294:12)
    at readableAddChunk (_stream_readable.js:275:11)
    at Socket.Readable.push (_stream_readable.js:210:10)
    at Pipe.onStreamRead (internal/stream_base_commons.js:166:17)
[2019-12-02 13:27:52.815] [exthost] [error] [vscode.typescript-language-features] provider FAILED
[2019-12-02 13:27:52.816] [exthost] [error] Error: <semantic> TypeScript Server Error (3.6.3)
Debug Failure. Did not expect JsxSelfClosingElement to have an Identifier in its trivia
Error: Debug Failure. Did not expect JsxSelfClosingElement to have an Identifier in its trivia
    at addSyntheticNodes (tsserver.js:124556:30)
    at createChildren (tsserver.js:124545:9)
    at NodeObject.getChildren (tsserver.js:124489:56)
    at getTokenAtPositionWorker (tsserver.js:99305:43)
    at getTouchingToken (tsserver.js:99292:16)
    at Object.getTouchingPropertyName (tsserver.js:99284:16)
    at Object.getQuickInfoAtPosition (tsserver.js:125574:27)
    at Proxy.<anonymous> (/home/sachin/.vscode/extensions/bierner.lit-html-1.11.1/node_modules/typescript-template-language-service-decorator/lib/template-language-service-decorator.js:63:24)
    at IOSession.Session.getQuickInfoWorker (tsserver.js:134638:62)
    at Session.handlers.ts.createMapFromTemplate._a.<computed> (tsserver.js:133675:61)
    at tsserver.js:135256:88
    at IOSession.Session.executeWithRequestId (tsserver.js:135247:28)
    at IOSession.Session.executeCommand (tsserver.js:135256:33)
    at IOSession.Session.onMessage (tsserver.js:135279:35)
    at Interface.<anonymous> (tsserver.js:136594:27)
    at Interface.emit (events.js:200:13)
    at Interface._onLine (readline.js:314:10)
    at Interface._normalWrite (readline.js:459:12)
    at Socket.ondata (readline.js:170:10)
    at Socket.emit (events.js:200:13)
    at addChunk (_stream_readable.js:294:12)
    at readableAddChunk (_stream_readable.js:275:11)
    at Socket.Readable.push (_stream_readable.js:210:10)
    at Pipe.onStreamRead (internal/stream_base_commons.js:166:17)
    at Function.create (/snap/code/21/usr/share/code/resources/app/extensions/typescript-language-features/dist/extension.js:53:63732)
    at h.dispatchResponse (/snap/code/21/usr/share/code/resources/app/extensions/typescript-language-features/dist/extension.js:53:56670)
    at h.dispatchMessage (/snap/code/21/usr/share/code/resources/app/extensions/typescript-language-features/dist/extension.js:53:55568)
    at /snap/code/21/usr/share/code/resources/app/extensions/typescript-language-features/dist/extension.js:53:55044
    at l.fire (/snap/code/21/usr/share/code/resources/app/out/vs/workbench/services/extensions/node/extensionHostProcess.js:47:207)
    at t.Reader.onLengthData (/snap/code/21/usr/share/code/resources/app/extensions/typescript-language-features/dist/extension.js:53:61946)
    at Socket.<anonymous> (/snap/code/21/usr/share/code/resources/app/extensions/typescript-language-features/dist/extension.js:53:61594)
    at Socket.emit (events.js:200:13)
    at addChunk (_stream_readable.js:294:12)
    at readableAddChunk (_stream_readable.js:275:11)
    at Socket.Readable.push (_stream_readable.js:210:10)
    at Pipe.onStreamRead (internal/stream_base_commons.js:166:17)
[2019-12-02 13:28:20.106] [exthost] [error] [vscode.typescript-language-features] provider FAILED
[2019-12-02 13:28:20.108] [exthost] [error] Error: <semantic> TypeScript Server Error (3.6.3)
Debug Failure. Did not expect JsxSelfClosingElement to have an Identifier in its trivia
Error: Debug Failure. Did not expect JsxSelfClosingElement to have an Identifier in its trivia
    at addSyntheticNodes (tsserver.js:124556:30)
    at createChildren (tsserver.js:124545:9)
    at NodeObject.getChildren (tsserver.js:124489:56)
    at getTokenAtPositionWorker (tsserver.js:99305:43)
    at Object.getTokenAtPosition (tsserver.js:99297:16)
    at getInfo (tsserver.js:121028:28)
    at Object.getAvailableActions (tsserver.js:121012:28)
    at tsserver.js:115901:128
    at getIterator (tsserver.js:637:23)
    at Object.flatMapIterator (tsserver.js:620:27)
    at Object.getApplicableRefactors (tsserver.js:115900:36)
    at Proxy.getApplicableRefactors (tsserver.js:126101:32)
    at IOSession.Session.getApplicableRefactors (tsserver.js:135013:53)
    at Session.handlers.ts.createMapFromTemplate._a.<computed> (tsserver.js:133868:61)
    at tsserver.js:135256:88
    at IOSession.Session.executeWithRequestId (tsserver.js:135247:28)
    at IOSession.Session.executeCommand (tsserver.js:135256:33)
    at IOSession.Session.onMessage (tsserver.js:135279:35)
    at Interface.<anonymous> (tsserver.js:136594:27)
    at Interface.emit (events.js:200:13)
    at Interface._onLine (readline.js:314:10)
    at Interface._normalWrite (readline.js:459:12)
    at Socket.ondata (readline.js:170:10)
    at Socket.emit (events.js:200:13)
    at addChunk (_stream_readable.js:294:12)
    at readableAddChunk (_stream_readable.js:275:11)
    at Socket.Readable.push (_stream_readable.js:210:10)
    at Pipe.onStreamRead (internal/stream_base_commons.js:166:17)
    at Function.create (/snap/code/21/usr/share/code/resources/app/extensions/typescript-language-features/dist/extension.js:53:63732)
    at h.dispatchResponse (/snap/code/21/usr/share/code/resources/app/extensions/typescript-language-features/dist/extension.js:53:56670)
    at h.dispatchMessage (/snap/code/21/usr/share/code/resources/app/extensions/typescript-language-features/dist/extension.js:53:55568)
    at /snap/code/21/usr/share/code/resources/app/extensions/typescript-language-features/dist/extension.js:53:55044
    at l.fire (/snap/code/21/usr/share/code/resources/app/out/vs/workbench/services/extensions/node/extensionHostProcess.js:47:207)
    at t.Reader.onLengthData (/snap/code/21/usr/share/code/resources/app/extensions/typescript-language-features/dist/extension.js:53:61946)
    at Socket.<anonymous> (/snap/code/21/usr/share/code/resources/app/extensions/typescript-language-features/dist/extension.js:53:61594)
    at Socket.emit (events.js:200:13)
    at addChunk (_stream_readable.js:294:12)
    at readableAddChunk (_stream_readable.js:275:11)
    at Socket.Readable.push (_stream_readable.js:210:10)
    at Pipe.onStreamRead (internal/stream_base_commons.js:166:17)
[2019-12-02 13:28:20.730] [exthost] [error] [vscode.typescript-language-features] provider FAILED
[2019-12-02 13:28:20.730] [exthost] [error] Error: <semantic> TypeScript Server Error (3.6.3)
Debug Failure. Did not expect JsxSelfClosingElement to have an Identifier in its trivia
Error: Debug Failure. Did not expect JsxSelfClosingElement to have an Identifier in its trivia
    at addSyntheticNodes (tsserver.js:124556:30)
    at createChildren (tsserver.js:124545:9)
    at NodeObject.getChildren (tsserver.js:124489:56)
    at getTokenAtPositionWorker (tsserver.js:99305:43)
    at Object.getTokenAtPosition (tsserver.js:99297:16)
    at getInfo (tsserver.js:121028:28)
    at Object.getAvailableActions (tsserver.js:121012:28)
    at tsserver.js:115901:128
    at getIterator (tsserver.js:637:23)
    at Object.flatMapIterator (tsserver.js:620:27)
    at Object.getApplicableRefactors (tsserver.js:115900:36)
    at Proxy.getApplicableRefactors (tsserver.js:126101:32)
    at IOSession.Session.getApplicableRefactors (tsserver.js:135013:53)
    at Session.handlers.ts.createMapFromTemplate._a.<computed> (tsserver.js:133868:61)
    at tsserver.js:135256:88
    at IOSession.Session.executeWithRequestId (tsserver.js:135247:28)
    at IOSession.Session.executeCommand (tsserver.js:135256:33)
    at IOSession.Session.onMessage (tsserver.js:135279:35)
    at Interface.<anonymous> (tsserver.js:136594:27)
    at Interface.emit (events.js:200:13)
    at Interface._onLine (readline.js:314:10)
    at Interface._normalWrite (readline.js:459:12)
    at Socket.ondata (readline.js:170:10)
    at Socket.emit (events.js:200:13)
    at addChunk (_stream_readable.js:294:12)
    at readableAddChunk (_stream_readable.js:275:11)
    at Socket.Readable.push (_stream_readable.js:210:10)
    at Pipe.onStreamRead (internal/stream_base_commons.js:166:17)
    at Function.create (/snap/code/21/usr/share/code/resources/app/extensions/typescript-language-features/dist/extension.js:53:63732)
    at h.dispatchResponse (/snap/code/21/usr/share/code/resources/app/extensions/typescript-language-features/dist/extension.js:53:56670)
    at h.dispatchMessage (/snap/code/21/usr/share/code/resources/app/extensions/typescript-language-features/dist/extension.js:53:55568)
    at /snap/code/21/usr/share/code/resources/app/extensions/typescript-language-features/dist/extension.js:53:55044
    at l.fire (/snap/code/21/usr/share/code/resources/app/out/vs/workbench/services/extensions/node/extensionHostProcess.js:47:207)
    at t.Reader.onLengthData (/snap/code/21/usr/share/code/resources/app/extensions/typescript-language-features/dist/extension.js:53:61946)
    at Socket.<anonymous> (/snap/code/21/usr/share/code/resources/app/extensions/typescript-language-features/dist/extension.js:53:61594)
    at Socket.emit (events.js:200:13)
    at addChunk (_stream_readable.js:294:12)
    at readableAddChunk (_stream_readable.js:275:11)
    at Socket.Readable.push (_stream_readable.js:210:10)
    at Pipe.onStreamRead (internal/stream_base_commons.js:166:17)
[2019-12-02 13:28:21.118] [exthost] [error] [vscode.typescript-language-features] provider FAILED
[2019-12-02 13:28:21.118] [exthost] [error] Error: <semantic> TypeScript Server Error (3.6.3)
Debug Failure. Did not expect JsxSelfClosingElement to have an Identifier in its trivia
Error: Debug Failure. Did not expect JsxSelfClosingElement to have an Identifier in its trivia
    at addSyntheticNodes (tsserver.js:124556:30)
    at createChildren (tsserver.js:124545:9)
    at NodeObject.getChildren (tsserver.js:124489:56)
    at getTokenAtPositionWorker (tsserver.js:99305:43)
    at Object.getTokenAtPosition (tsserver.js:99297:16)
    at getInfo (tsserver.js:121028:28)
    at Object.getAvailableActions (tsserver.js:121012:28)
    at tsserver.js:115901:128
    at getIterator (tsserver.js:637:23)
    at Object.flatMapIterator (tsserver.js:620:27)
    at Object.getApplicableRefactors (tsserver.js:115900:36)
    at Proxy.getApplicableRefactors (tsserver.js:126101:32)
    at IOSession.Session.getApplicableRefactors (tsserver.js:135013:53)
    at Session.handlers.ts.createMapFromTemplate._a.<computed> (tsserver.js:133868:61)
    at tsserver.js:135256:88
    at IOSession.Session.executeWithRequestId (tsserver.js:135247:28)
    at IOSession.Session.executeCommand (tsserver.js:135256:33)
    at IOSession.Session.onMessage (tsserver.js:135279:35)
    at Interface.<anonymous> (tsserver.js:136594:27)
    at Interface.emit (events.js:200:13)
    at Interface._onLine (readline.js:314:10)
    at Interface._normalWrite (readline.js:459:12)
    at Socket.ondata (readline.js:170:10)
    at Socket.emit (events.js:200:13)
    at addChunk (_stream_readable.js:294:12)
    at readableAddChunk (_stream_readable.js:275:11)
    at Socket.Readable.push (_stream_readable.js:210:10)
    at Pipe.onStreamRead (internal/stream_base_commons.js:166:17)
    at Function.create (/snap/code/21/usr/share/code/resources/app/extensions/typescript-language-features/dist/extension.js:53:63732)
    at h.dispatchResponse (/snap/code/21/usr/share/code/resources/app/extensions/typescript-language-features/dist/extension.js:53:56670)
    at h.dispatchMessage (/snap/code/21/usr/share/code/resources/app/extensions/typescript-language-features/dist/extension.js:53:55568)
    at /snap/code/21/usr/share/code/resources/app/extensions/typescript-language-features/dist/extension.js:53:55044
    at l.fire (/snap/code/21/usr/share/code/resources/app/out/vs/workbench/services/extensions/node/extensionHostProcess.js:47:207)
    at t.Reader.onLengthData (/snap/code/21/usr/share/code/resources/app/extensions/typescript-language-features/dist/extension.js:53:61946)
    at Socket.<anonymous> (/snap/code/21/usr/share/code/resources/app/extensions/typescript-language-features/dist/extension.js:53:61594)
    at Socket.emit (events.js:200:13)
    at addChunk (_stream_readable.js:294:12)
    at readableAddChunk (_stream_readable.js:275:11)
    at Socket.Readable.push (_stream_readable.js:210:10)
    at Pipe.onStreamRead (internal/stream_base_commons.js:166:17)
[2019-12-02 13:28:36.149] [exthost] [error] [vscode.typescript-language-features] provider FAILED
[2019-12-02 13:28:36.150] [exthost] [error] Error: <semantic> TypeScript Server Error (3.6.3)
Debug Failure. Did not expect JsxSelfClosingElement to have an Identifier in its trivia
Error: Debug Failure. Did not expect JsxSelfClosingElement to have an Identifier in its trivia
    at addSyntheticNodes (tsserver.js:124556:30)
    at createChildren (tsserver.js:124545:9)
    at NodeObject.getChildren (tsserver.js:124489:56)
    at getTokenAtPositionWorker (tsserver.js:99305:43)
    at getTouchingToken (tsserver.js:99292:16)
    at Object.getTouchingPropertyName (tsserver.js:99284:16)
    at Object.getQuickInfoAtPosition (tsserver.js:125574:27)
    at Proxy.<anonymous> (/home/sachin/.vscode/extensions/bierner.lit-html-1.11.1/node_modules/typescript-template-language-service-decorator/lib/template-language-service-decorator.js:63:24)
    at IOSession.Session.getQuickInfoWorker (tsserver.js:134638:62)
    at Session.handlers.ts.createMapFromTemplate._a.<computed> (tsserver.js:133675:61)
    at tsserver.js:135256:88
    at IOSession.Session.executeWithRequestId (tsserver.js:135247:28)
    at IOSession.Session.executeCommand (tsserver.js:135256:33)
    at IOSession.Session.onMessage (tsserver.js:135279:35)
    at Interface.<anonymous> (tsserver.js:136594:27)
    at Interface.emit (events.js:200:13)
    at Interface._onLine (readline.js:314:10)
    at Interface._normalWrite (readline.js:459:12)
    at Socket.ondata (readline.js:170:10)
    at Socket.emit (events.js:200:13)
    at addChunk (_stream_readable.js:294:12)
    at readableAddChunk (_stream_readable.js:275:11)
    at Socket.Readable.push (_stream_readable.js:210:10)
    at Pipe.onStreamRead (internal/stream_base_commons.js:166:17)
    at Function.create (/snap/code/21/usr/share/code/resources/app/extensions/typescript-language-features/dist/extension.js:53:63732)
    at h.dispatchResponse (/snap/code/21/usr/share/code/resources/app/extensions/typescript-language-features/dist/extension.js:53:56670)
    at h.dispatchMessage (/snap/code/21/usr/share/code/resources/app/extensions/typescript-language-features/dist/extension.js:53:55568)
    at /snap/code/21/usr/share/code/resources/app/extensions/typescript-language-features/dist/extension.js:53:55044
    at l.fire (/snap/code/21/usr/share/code/resources/app/out/vs/workbench/services/extensions/node/extensionHostProcess.js:47:207)
    at t.Reader.onLengthData (/snap/code/21/usr/share/code/resources/app/extensions/typescript-language-features/dist/extension.js:53:61946)
    at Socket.<anonymous> (/snap/code/21/usr/share/code/resources/app/extensions/typescript-language-features/dist/extension.js:53:61594)
    at Socket.emit (events.js:200:13)
    at addChunk (_stream_readable.js:294:12)
    at readableAddChunk (_stream_readable.js:275:11)
    at Socket.Readable.push (_stream_readable.js:210:10)
    at Pipe.onStreamRead (internal/stream_base_commons.js:166:17)
[2019-12-02 13:28:36.456] [exthost] [error] [vscode.typescript-language-features] provider FAILED
[2019-12-02 13:28:36.457] [exthost] [error] Error: <semantic> TypeScript Server Error (3.6.3)
Debug Failure. Did not expect JsxSelfClosingElement to have an Identifier in its trivia
Error: Debug Failure. Did not expect JsxSelfClosingElement to have an Identifier in its trivia
    at addSyntheticNodes (tsserver.js:124556:30)
    at createChildren (tsserver.js:124545:9)
    at NodeObject.getChildren (tsserver.js:124489:56)
    at getTokenAtPositionWorker (tsserver.js:99305:43)
    at Object.getTokenAtPosition (tsserver.js:99297:16)
    at getInfo (tsserver.js:121028:28)
    at Object.getAvailableActions (tsserver.js:121012:28)
    at tsserver.js:115901:128
    at getIterator (tsserver.js:637:23)
    at Object.flatMapIterator (tsserver.js:620:27)
    at Object.getApplicableRefactors (tsserver.js:115900:36)
    at Proxy.getApplicableRefactors (tsserver.js:126101:32)
    at IOSession.Session.getApplicableRefactors (tsserver.js:135013:53)
    at Session.handlers.ts.createMapFromTemplate._a.<computed> (tsserver.js:133868:61)
    at tsserver.js:135256:88
    at IOSession.Session.executeWithRequestId (tsserver.js:135247:28)
    at IOSession.Session.executeCommand (tsserver.js:135256:33)
    at IOSession.Session.onMessage (tsserver.js:135279:35)
    at Interface.<anonymous> (tsserver.js:136594:27)
    at Interface.emit (events.js:200:13)
    at Interface._onLine (readline.js:314:10)
    at Interface._normalWrite (readline.js:459:12)
    at Socket.ondata (readline.js:170:10)
    at Socket.emit (events.js:200:13)
    at addChunk (_stream_readable.js:294:12)
    at readableAddChunk (_stream_readable.js:275:11)
    at Socket.Readable.push (_stream_readable.js:210:10)
    at Pipe.onStreamRead (internal/stream_base_commons.js:166:17)
    at Function.create (/snap/code/21/usr/share/code/resources/app/extensions/typescript-language-features/dist/extension.js:53:63732)
    at h.dispatchResponse (/snap/code/21/usr/share/code/resources/app/extensions/typescript-language-features/dist/extension.js:53:56670)
    at h.dispatchMessage (/snap/code/21/usr/share/code/resources/app/extensions/typescript-language-features/dist/extension.js:53:55568)
    at /snap/code/21/usr/share/code/resources/app/extensions/typescript-language-features/dist/extension.js:53:55044
    at l.fire (/snap/code/21/usr/share/code/resources/app/out/vs/workbench/services/extensions/node/extensionHostProcess.js:47:207)
    at t.Reader.onLengthData (/snap/code/21/usr/share/code/resources/app/extensions/typescript-language-features/dist/extension.js:53:61946)
    at Socket.<anonymous> (/snap/code/21/usr/share/code/resources/app/extensions/typescript-language-features/dist/extension.js:53:61594)
    at Socket.emit (events.js:200:13)
    at addChunk (_stream_readable.js:294:12)
    at readableAddChunk (_stream_readable.js:275:11)
    at Socket.Readable.push (_stream_readable.js:210:10)
    at Pipe.onStreamRead (internal/stream_base_commons.js:166:17)
[2019-12-02 13:28:37.457] [exthost] [error] [vscode.typescript-language-features] provider FAILED
[2019-12-02 13:28:37.458] [exthost] [error] Error: <semantic> TypeScript Server Error (3.6.3)
Debug Failure. Did not expect JsxSelfClosingElement to have an Identifier in its trivia
Error: Debug Failure. Did not expect JsxSelfClosingElement to have an Identifier in its trivia
    at addSyntheticNodes (tsserver.js:124556:30)
    at createChildren (tsserver.js:124545:9)
    at NodeObject.getChildren (tsserver.js:124489:56)
    at getTokenAtPositionWorker (tsserver.js:99305:43)
    at Object.getTokenAtPosition (tsserver.js:99297:16)
    at getInfo (tsserver.js:121028:28)
    at Object.getAvailableActions (tsserver.js:121012:28)
    at tsserver.js:115901:128
    at getIterator (tsserver.js:637:23)
    at Object.flatMapIterator (tsserver.js:620:27)
    at Object.getApplicableRefactors (tsserver.js:115900:36)
    at Proxy.getApplicableRefactors (tsserver.js:126101:32)
    at IOSession.Session.getApplicableRefactors (tsserver.js:135013:53)
    at Session.handlers.ts.createMapFromTemplate._a.<computed> (tsserver.js:133868:61)
    at tsserver.js:135256:88
    at IOSession.Session.executeWithRequestId (tsserver.js:135247:28)
    at IOSession.Session.executeCommand (tsserver.js:135256:33)
    at IOSession.Session.onMessage (tsserver.js:135279:35)
    at Interface.<anonymous> (tsserver.js:136594:27)
    at Interface.emit (events.js:200:13)
    at Interface._onLine (readline.js:314:10)
    at Interface._normalWrite (readline.js:459:12)
    at Socket.ondata (readline.js:170:10)
    at Socket.emit (events.js:200:13)
    at addChunk (_stream_readable.js:294:12)
    at readableAddChunk (_stream_readable.js:275:11)
    at Socket.Readable.push (_stream_readable.js:210:10)
    at Pipe.onStreamRead (internal/stream_base_commons.js:166:17)
    at Function.create (/snap/code/21/usr/share/code/resources/app/extensions/typescript-language-features/dist/extension.js:53:63732)
    at h.dispatchResponse (/snap/code/21/usr/share/code/resources/app/extensions/typescript-language-features/dist/extension.js:53:56670)
    at h.dispatchMessage (/snap/code/21/usr/share/code/resources/app/extensions/typescript-language-features/dist/extension.js:53:55568)
    at /snap/code/21/usr/share/code/resources/app/extensions/typescript-language-features/dist/extension.js:53:55044
    at l.fire (/snap/code/21/usr/share/code/resources/app/out/vs/workbench/services/extensions/node/extensionHostProcess.js:47:207)
    at t.Reader.onLengthData (/snap/code/21/usr/share/code/resources/app/extensions/typescript-language-features/dist/extension.js:53:61946)
    at Socket.<anonymous> (/snap/code/21/usr/share/code/resources/app/extensions/typescript-language-features/dist/extension.js:53:61594)
    at Socket.emit (events.js:200:13)
    at addChunk (_stream_readable.js:294:12)
    at readableAddChunk (_stream_readable.js:275:11)
    at Socket.Readable.push (_stream_readable.js:210:10)
    at Pipe.onStreamRead (internal/stream_base_commons.js:166:17)
[2019-12-02 13:28:39.019] [exthost] [error] [vscode.typescript-language-features] provider FAILED
[2019-12-02 13:28:39.020] [exthost] [error] Error: <semantic> TypeScript Server Error (3.6.3)
Debug Failure. Did not expect JsxSelfClosingElement to have an Identifier in its trivia
Error: Debug Failure. Did not expect JsxSelfClosingElement to have an Identifier in its trivia
    at addSyntheticNodes (tsserver.js:124556:30)
    at createChildren (tsserver.js:124545:9)
    at NodeObject.getChildren (tsserver.js:124489:56)
    at getTokenAtPositionWorker (tsserver.js:99305:43)
    at Object.getTokenAtPosition (tsserver.js:99297:16)
    at getInfo (tsserver.js:121028:28)
    at Object.getAvailableActions (tsserver.js:121012:28)
    at tsserver.js:115901:128
    at getIterator (tsserver.js:637:23)
    at Object.flatMapIterator (tsserver.js:620:27)
    at Object.getApplicableRefactors (tsserver.js:115900:36)
    at Proxy.getApplicableRefactors (tsserver.js:126101:32)
    at IOSession.Session.getApplicableRefactors (tsserver.js:135013:53)
    at Session.handlers.ts.createMapFromTemplate._a.<computed> (tsserver.js:133868:61)
    at tsserver.js:135256:88
    at IOSession.Session.executeWithRequestId (tsserver.js:135247:28)
    at IOSession.Session.executeCommand (tsserver.js:135256:33)
    at IOSession.Session.onMessage (tsserver.js:135279:35)
    at Interface.<anonymous> (tsserver.js:136594:27)
    at Interface.emit (events.js:200:13)
    at Interface._onLine (readline.js:314:10)
    at Interface._normalWrite (readline.js:459:12)
    at Socket.ondata (readline.js:170:10)
    at Socket.emit (events.js:200:13)
    at addChunk (_stream_readable.js:294:12)
    at readableAddChunk (_stream_readable.js:275:11)
    at Socket.Readable.push (_stream_readable.js:210:10)
    at Pipe.onStreamRead (internal/stream_base_commons.js:166:17)
    at Function.create (/snap/code/21/usr/share/code/resources/app/extensions/typescript-language-features/dist/extension.js:53:63732)
    at h.dispatchResponse (/snap/code/21/usr/share/code/resources/app/extensions/typescript-language-features/dist/extension.js:53:56670)
    at h.dispatchMessage (/snap/code/21/usr/share/code/resources/app/extensions/typescript-language-features/dist/extension.js:53:55568)
    at /snap/code/21/usr/share/code/resources/app/extensions/typescript-language-features/dist/extension.js:53:55044
    at l.fire (/snap/code/21/usr/share/code/resources/app/out/vs/workbench/services/extensions/node/extensionHostProcess.js:47:207)
    at t.Reader.onLengthData (/snap/code/21/usr/share/code/resources/app/extensions/typescript-language-features/dist/extension.js:53:61946)
    at Socket.<anonymous> (/snap/code/21/usr/share/code/resources/app/extensions/typescript-language-features/dist/extension.js:53:61594)
    at Socket.emit (events.js:200:13)
    at addChunk (_stream_readable.js:294:12)
    at readableAddChunk (_stream_readable.js:275:11)
    at Socket.Readable.push (_stream_readable.js:210:10)
    at Pipe.onStreamRead (internal/stream_base_commons.js:166:17)
[2019-12-02 13:28:39.302] [exthost] [error] [vscode.typescript-language-features] provider FAILED
[2019-12-02 13:28:39.302] [exthost] [error] Error: <semantic> TypeScript Server Error (3.6.3)
Debug Failure. Did not expect JsxSelfClosingElement to have an Identifier in its trivia
Error: Debug Failure. Did not expect JsxSelfClosingElement to have an Identifier in its trivia
    at addSyntheticNodes (tsserver.js:124556:30)
    at createChildren (tsserver.js:124545:9)
    at NodeObject.getChildren (tsserver.js:124489:56)
    at getTokenAtPositionWorker (tsserver.js:99305:43)
    at Object.getTokenAtPosition (tsserver.js:99297:16)
    at getInfo (tsserver.js:121028:28)
    at Object.getAvailableActions (tsserver.js:121012:28)
    at tsserver.js:115901:128
    at getIterator (tsserver.js:637:23)
    at Object.flatMapIterator (tsserver.js:620:27)
    at Object.getApplicableRefactors (tsserver.js:115900:36)
    at Proxy.getApplicableRefactors (tsserver.js:126101:32)
    at IOSession.Session.getApplicableRefactors (tsserver.js:135013:53)
    at Session.handlers.ts.createMapFromTemplate._a.<computed> (tsserver.js:133868:61)
    at tsserver.js:135256:88
    at IOSession.Session.executeWithRequestId (tsserver.js:135247:28)
    at IOSession.Session.executeCommand (tsserver.js:135256:33)
    at IOSession.Session.onMessage (tsserver.js:135279:35)
    at Interface.<anonymous> (tsserver.js:136594:27)
    at Interface.emit (events.js:200:13)
    at Interface._onLine (readline.js:314:10)
    at Interface._normalWrite (readline.js:459:12)
    at Socket.ondata (readline.js:170:10)
    at Socket.emit (events.js:200:13)
    at addChunk (_stream_readable.js:294:12)
    at readableAddChunk (_stream_readable.js:275:11)
    at Socket.Readable.push (_stream_readable.js:210:10)
    at Pipe.onStreamRead (internal/stream_base_commons.js:166:17)
    at Function.create (/snap/code/21/usr/share/code/resources/app/extensions/typescript-language-features/dist/extension.js:53:63732)
    at h.dispatchResponse (/snap/code/21/usr/share/code/resources/app/extensions/typescript-language-features/dist/extension.js:53:56670)
    at h.dispatchMessage (/snap/code/21/usr/share/code/resources/app/extensions/typescript-language-features/dist/extension.js:53:55568)
    at /snap/code/21/usr/share/code/resources/app/extensions/typescript-language-features/dist/extension.js:53:55044
    at l.fire (/snap/code/21/usr/share/code/resources/app/out/vs/workbench/services/extensions/node/extensionHostProcess.js:47:207)
    at t.Reader.onLengthData (/snap/code/21/usr/share/code/resources/app/extensions/typescript-language-features/dist/extension.js:53:61946)
    at Socket.<anonymous> (/snap/code/21/usr/share/code/resources/app/extensions/typescript-language-features/dist/extension.js:53:61594)
    at Socket.emit (events.js:200:13)
    at addChunk (_stream_readable.js:294:12)
    at readableAddChunk (_stream_readable.js:275:11)
    at Socket.Readable.push (_stream_readable.js:210:10)
    at Pipe.onStreamRead (internal/stream_base_commons.js:166:17)
[2019-12-02 13:28:39.664] [exthost] [error] [vscode.typescript-language-features] provider FAILED
[2019-12-02 13:28:39.665] [exthost] [error] Error: <semantic> TypeScript Server Error (3.6.3)
Debug Failure. Did not expect JsxSelfClosingElement to have an Identifier in its trivia
Error: Debug Failure. Did not expect JsxSelfClosingElement to have an Identifier in its trivia
    at addSyntheticNodes (tsserver.js:124556:30)
    at createChildren (tsserver.js:124545:9)
    at NodeObject.getChildren (tsserver.js:124489:56)
    at getTokenAtPositionWorker (tsserver.js:99305:43)
    at Object.getTokenAtPosition (tsserver.js:99297:16)
    at getInfo (tsserver.js:121028:28)
    at Object.getAvailableActions (tsserver.js:121012:28)
    at tsserver.js:115901:128
    at getIterator (tsserver.js:637:23)
    at Object.flatMapIterator (tsserver.js:620:27)
    at Object.getApplicableRefactors (tsserver.js:115900:36)
    at Proxy.getApplicableRefactors (tsserver.js:126101:32)
    at IOSession.Session.getApplicableRefactors (tsserver.js:135013:53)
    at Session.handlers.ts.createMapFromTemplate._a.<computed> (tsserver.js:133868:61)
    at tsserver.js:135256:88
    at IOSession.Session.executeWithRequestId (tsserver.js:135247:28)
    at IOSession.Session.executeCommand (tsserver.js:135256:33)
    at IOSession.Session.onMessage (tsserver.js:135279:35)
    at Interface.<anonymous> (tsserver.js:136594:27)
    at Interface.emit (events.js:200:13)
    at Interface._onLine (readline.js:314:10)
    at Interface._normalWrite (readline.js:459:12)
    at Socket.ondata (readline.js:170:10)
    at Socket.emit (events.js:200:13)
    at addChunk (_stream_readable.js:294:12)
    at readableAddChunk (_stream_readable.js:275:11)
    at Socket.Readable.push (_stream_readable.js:210:10)
    at Pipe.onStreamRead (internal/stream_base_commons.js:166:17)
    at Function.create (/snap/code/21/usr/share/code/resources/app/extensions/typescript-language-features/dist/extension.js:53:63732)
    at h.dispatchResponse (/snap/code/21/usr/share/code/resources/app/extensions/typescript-language-features/dist/extension.js:53:56670)
    at h.dispatchMessage (/snap/code/21/usr/share/code/resources/app/extensions/typescript-language-features/dist/extension.js:53:55568)
    at /snap/code/21/usr/share/code/resources/app/extensions/typescript-language-features/dist/extension.js:53:55044
    at l.fire (/snap/code/21/usr/share/code/resources/app/out/vs/workbench/services/extensions/node/extensionHostProcess.js:47:207)
    at t.Reader.onLengthData (/snap/code/21/usr/share/code/resources/app/extensions/typescript-language-features/dist/extension.js:53:61946)
    at Socket.<anonymous> (/snap/code/21/usr/share/code/resources/app/extensions/typescript-language-features/dist/extension.js:53:61594)
    at Socket.emit (events.js:200:13)
    at addChunk (_stream_readable.js:294:12)
    at readableAddChunk (_stream_readable.js:275:11)
    at Socket.Readable.push (_stream_readable.js:210:10)
    at Pipe.onStreamRead (internal/stream_base_commons.js:166:17)
[2019-12-02 13:28:41.939] [exthost] [error] [vscode.typescript-language-features] provider FAILED
[2019-12-02 13:28:41.945] [exthost] [error] Error: <semantic> TypeScript Server Error (3.6.3)
Debug Failure. Did not expect JsxSelfClosingElement to have an Identifier in its trivia
Error: Debug Failure. Did not expect JsxSelfClosingElement to have an Identifier in its trivia
    at addSyntheticNodes (tsserver.js:124556:30)
    at createChildren (tsserver.js:124545:9)
    at NodeObject.getChildren (tsserver.js:124489:56)
    at getTokenAtPositionWorker (tsserver.js:99305:43)
    at getTouchingToken (tsserver.js:99292:16)
    at Object.getTouchingPropertyName (tsserver.js:99284:16)
    at Object.getQuickInfoAtPosition (tsserver.js:125574:27)
    at Proxy.<anonymous> (/home/sachin/.vscode/extensions/bierner.lit-html-1.11.1/node_modules/typescript-template-language-service-decorator/lib/template-language-service-decorator.js:63:24)
    at IOSession.Session.getQuickInfoWorker (tsserver.js:134638:62)
    at Session.handlers.ts.createMapFromTemplate._a.<computed> (tsserver.js:133675:61)
    at tsserver.js:135256:88
    at IOSession.Session.executeWithRequestId (tsserver.js:135247:28)
    at IOSession.Session.executeCommand (tsserver.js:135256:33)
    at IOSession.Session.onMessage (tsserver.js:135279:35)
    at Interface.<anonymous> (tsserver.js:136594:27)
    at Interface.emit (events.js:200:13)
    at Interface._onLine (readline.js:314:10)
    at Interface._normalWrite (readline.js:459:12)
    at Socket.ondata (readline.js:170:10)
    at Socket.emit (events.js:200:13)
    at addChunk (_stream_readable.js:294:12)
    at readableAddChunk (_stream_readable.js:275:11)
    at Socket.Readable.push (_stream_readable.js:210:10)
    at Pipe.onStreamRead (internal/stream_base_commons.js:166:17)
    at Function.create (/snap/code/21/usr/share/code/resources/app/extensions/typescript-language-features/dist/extension.js:53:63732)
    at h.dispatchResponse (/snap/code/21/usr/share/code/resources/app/extensions/typescript-language-features/dist/extension.js:53:56670)
    at h.dispatchMessage (/snap/code/21/usr/share/code/resources/app/extensions/typescript-language-features/dist/extension.js:53:55568)
    at /snap/code/21/usr/share/code/resources/app/extensions/typescript-language-features/dist/extension.js:53:55044
    at l.fire (/snap/code/21/usr/share/code/resources/app/out/vs/workbench/services/extensions/node/extensionHostProcess.js:47:207)
    at t.Reader.onLengthData (/snap/code/21/usr/share/code/resources/app/extensions/typescript-language-features/dist/extension.js:53:61946)
    at Socket.<anonymous> (/snap/code/21/usr/share/code/resources/app/extensions/typescript-language-features/dist/extension.js:53:61594)
    at Socket.emit (events.js:200:13)
    at addChunk (_stream_readable.js:294:12)
    at readableAddChunk (_stream_readable.js:275:11)
    at Socket.Readable.push (_stream_readable.js:210:10)
    at Pipe.onStreamRead (internal/stream_base_commons.js:166:17)
[2019-12-02 13:28:41.999] [exthost] [error] [vscode.typescript-language-features] provider FAILED
[2019-12-02 13:28:42.000] [exthost] [error] Error: <semantic> TypeScript Server Error (3.6.3)
Debug Failure. Did not expect JsxSelfClosingElement to have an Identifier in its trivia
Error: Debug Failure. Did not expect JsxSelfClosingElement to have an Identifier in its trivia
    at addSyntheticNodes (tsserver.js:124556:30)
    at createChildren (tsserver.js:124545:9)
    at NodeObject.getChildren (tsserver.js:124489:56)
    at getTokenAtPositionWorker (tsserver.js:99305:43)
    at getTouchingToken (tsserver.js:99292:16)
    at Object.getTouchingPropertyName (tsserver.js:99284:16)
    at Object.getDocumentHighlights (tsserver.js:104102:27)
    at Proxy.getDocumentHighlights (tsserver.js:125655:42)
    at IOSession.Session.getDocumentHighlights (tsserver.js:134406:71)
    at Session.handlers.ts.createMapFromTemplate._a.<computed> (tsserver.js:133830:61)
    at tsserver.js:135256:88
    at IOSession.Session.executeWithRequestId (tsserver.js:135247:28)
    at IOSession.Session.executeCommand (tsserver.js:135256:33)
    at IOSession.Session.onMessage (tsserver.js:135279:35)
    at Interface.<anonymous> (tsserver.js:136594:27)
    at Interface.emit (events.js:200:13)
    at Interface._onLine (readline.js:314:10)
    at Interface._normalWrite (readline.js:459:12)
    at Socket.ondata (readline.js:170:10)
    at Socket.emit (events.js:200:13)
    at addChunk (_stream_readable.js:294:12)
    at readableAddChunk (_stream_readable.js:275:11)
    at Socket.Readable.push (_stream_readable.js:210:10)
    at Pipe.onStreamRead (internal/stream_base_commons.js:166:17)
    at Function.create (/snap/code/21/usr/share/code/resources/app/extensions/typescript-language-features/dist/extension.js:53:63732)
    at h.dispatchResponse (/snap/code/21/usr/share/code/resources/app/extensions/typescript-language-features/dist/extension.js:53:56670)
    at h.dispatchMessage (/snap/code/21/usr/share/code/resources/app/extensions/typescript-language-features/dist/extension.js:53:55568)
    at /snap/code/21/usr/share/code/resources/app/extensions/typescript-language-features/dist/extension.js:53:55044
    at l.fire (/snap/code/21/usr/share/code/resources/app/out/vs/workbench/services/extensions/node/extensionHostProcess.js:47:207)
    at t.Reader.onLengthData (/snap/code/21/usr/share/code/resources/app/extensions/typescript-language-features/dist/extension.js:53:61946)
    at Socket.<anonymous> (/snap/code/21/usr/share/code/resources/app/extensions/typescript-language-features/dist/extension.js:53:61594)
    at Socket.emit (events.js:200:13)
    at addChunk (_stream_readable.js:294:12)
    at readableAddChunk (_stream_readable.js:275:11)
    at Socket.Readable.push (_stream_readable.js:210:10)
    at Pipe.onStreamRead (internal/stream_base_commons.js:166:17)
[2019-12-02 13:28:42.212] [exthost] [error] [vscode.typescript-language-features] provider FAILED
[2019-12-02 13:28:42.212] [exthost] [error] Error: <semantic> TypeScript Server Error (3.6.3)
Debug Failure. Did not expect JsxSelfClosingElement to have an Identifier in its trivia
Error: Debug Failure. Did not expect JsxSelfClosingElement to have an Identifier in its trivia
    at addSyntheticNodes (tsserver.js:124556:30)
    at createChildren (tsserver.js:124545:9)
    at NodeObject.getChildren (tsserver.js:124489:56)
    at getTokenAtPositionWorker (tsserver.js:99305:43)
    at Object.getTokenAtPosition (tsserver.js:99297:16)
    at getInfo (tsserver.js:121028:28)
    at Object.getAvailableActions (tsserver.js:121012:28)
    at tsserver.js:115901:128
    at getIterator (tsserver.js:637:23)
    at Object.flatMapIterator (tsserver.js:620:27)
    at Object.getApplicableRefactors (tsserver.js:115900:36)
    at Proxy.getApplicableRefactors (tsserver.js:126101:32)
    at IOSession.Session.getApplicableRefactors (tsserver.js:135013:53)
    at Session.handlers.ts.createMapFromTemplate._a.<computed> (tsserver.js:133868:61)
    at tsserver.js:135256:88
    at IOSession.Session.executeWithRequestId (tsserver.js:135247:28)
    at IOSession.Session.executeCommand (tsserver.js:135256:33)
    at IOSession.Session.onMessage (tsserver.js:135279:35)
    at Interface.<anonymous> (tsserver.js:136594:27)
    at Interface.emit (events.js:200:13)
    at Interface._onLine (readline.js:314:10)
    at Interface._normalWrite (readline.js:459:12)
    at Socket.ondata (readline.js:170:10)
    at Socket.emit (events.js:200:13)
    at addChunk (_stream_readable.js:294:12)
    at readableAddChunk (_stream_readable.js:275:11)
    at Socket.Readable.push (_stream_readable.js:210:10)
    at Pipe.onStreamRead (internal/stream_base_commons.js:166:17)
    at Function.create (/snap/code/21/usr/share/code/resources/app/extensions/typescript-language-features/dist/extension.js:53:63732)
    at h.dispatchResponse (/snap/code/21/usr/share/code/resources/app/extensions/typescript-language-features/dist/extension.js:53:56670)
    at h.dispatchMessage (/snap/code/21/usr/share/code/resources/app/extensions/typescript-language-features/dist/extension.js:53:55568)
    at /snap/code/21/usr/share/code/resources/app/extensions/typescript-language-features/dist/extension.js:53:55044
    at l.fire (/snap/code/21/usr/share/code/resources/app/out/vs/workbench/services/extensions/node/extensionHostProcess.js:47:207)
    at t.Reader.onLengthData (/snap/code/21/usr/share/code/resources/app/extensions/typescript-language-features/dist/extension.js:53:61946)
    at Socket.<anonymous> (/snap/code/21/usr/share/code/resources/app/extensions/typescript-language-features/dist/extension.js:53:61594)
    at Socket.emit (events.js:200:13)
    at addChunk (_stream_readable.js:294:12)
    at readableAddChunk (_stream_readable.js:275:11)
    at Socket.Readable.push (_stream_readable.js:210:10)
    at Pipe.onStreamRead (internal/stream_base_commons.js:166:17)
[2019-12-02 13:28:47.496] [exthost] [error] [vscode.typescript-language-features] provider FAILED
[2019-12-02 13:28:47.497] [exthost] [error] Error: <semantic> TypeScript Server Error (3.6.3)
Debug Failure. Did not expect JsxSelfClosingElement to have an Identifier in its trivia
Error: Debug Failure. Did not expect JsxSelfClosingElement to have an Identifier in its trivia
    at addSyntheticNodes (tsserver.js:124556:30)
    at createChildren (tsserver.js:124545:9)
    at NodeObject.getChildren (tsserver.js:124489:56)
    at getTokenAtPositionWorker (tsserver.js:99305:43)
    at getTouchingToken (tsserver.js:99292:16)
    at Object.getTouchingPropertyName (tsserver.js:99284:16)
    at Object.getQuickInfoAtPosition (tsserver.js:125574:27)
    at Proxy.<anonymous> (/home/sachin/.vscode/extensions/bierner.lit-html-1.11.1/node_modules/typescript-template-language-service-decorator/lib/template-language-service-decorator.js:63:24)
    at IOSession.Session.getQuickInfoWorker (tsserver.js:134638:62)
    at Session.handlers.ts.createMapFromTemplate._a.<computed> (tsserver.js:133675:61)
    at tsserver.js:135256:88
    at IOSession.Session.executeWithRequestId (tsserver.js:135247:28)
    at IOSession.Session.executeCommand (tsserver.js:135256:33)
    at IOSession.Session.onMessage (tsserver.js:135279:35)
    at Interface.<anonymous> (tsserver.js:136594:27)
    at Interface.emit (events.js:200:13)
    at Interface._onLine (readline.js:314:10)
    at Interface._normalWrite (readline.js:459:12)
    at Socket.ondata (readline.js:170:10)
    at Socket.emit (events.js:200:13)
    at addChunk (_stream_readable.js:294:12)
    at readableAddChunk (_stream_readable.js:275:11)
    at Socket.Readable.push (_stream_readable.js:210:10)
    at Pipe.onStreamRead (internal/stream_base_commons.js:166:17)
    at Function.create (/snap/code/21/usr/share/code/resources/app/extensions/typescript-language-features/dist/extension.js:53:63732)
    at h.dispatchResponse (/snap/code/21/usr/share/code/resources/app/extensions/typescript-language-features/dist/extension.js:53:56670)
    at h.dispatchMessage (/snap/code/21/usr/share/code/resources/app/extensions/typescript-language-features/dist/extension.js:53:55568)
    at /snap/code/21/usr/share/code/resources/app/extensions/typescript-language-features/dist/extension.js:53:55044
    at l.fire (/snap/code/21/usr/share/code/resources/app/out/vs/workbench/services/extensions/node/extensionHostProcess.js:47:207)
    at t.Reader.onLengthData (/snap/code/21/usr/share/code/resources/app/extensions/typescript-language-features/dist/extension.js:53:61946)
    at Socket.<anonymous> (/snap/code/21/usr/share/code/resources/app/extensions/typescript-language-features/dist/extension.js:53:61594)
    at Socket.emit (events.js:200:13)
    at addChunk (_stream_readable.js:294:12)
    at readableAddChunk (_stream_readable.js:275:11)
    at Socket.Readable.push (_stream_readable.js:210:10)
    at Pipe.onStreamRead (internal/stream_base_commons.js:166:17)
[2019-12-02 13:28:47.889] [exthost] [error] [vscode.typescript-language-features] provider FAILED
[2019-12-02 13:28:47.889] [exthost] [error] Error: <semantic> TypeScript Server Error (3.6.3)
Debug Failure. Did not expect JsxSelfClosingElement to have an Identifier in its trivia
Error: Debug Failure. Did not expect JsxSelfClosingElement to have an Identifier in its trivia
    at addSyntheticNodes (tsserver.js:124556:30)
    at createChildren (tsserver.js:124545:9)
    at NodeObject.getChildren (tsserver.js:124489:56)
    at getTokenAtPositionWorker (tsserver.js:99305:43)
    at Object.getTokenAtPosition (tsserver.js:99297:16)
    at getInfo (tsserver.js:121028:28)
    at Object.getAvailableActions (tsserver.js:121012:28)
    at tsserver.js:115901:128
    at getIterator (tsserver.js:637:23)
    at Object.flatMapIterator (tsserver.js:620:27)
    at Object.getApplicableRefactors (tsserver.js:115900:36)
    at Proxy.getApplicableRefactors (tsserver.js:126101:32)
    at IOSession.Session.getApplicableRefactors (tsserver.js:135013:53)
    at Session.handlers.ts.createMapFromTemplate._a.<computed> (tsserver.js:133868:61)
    at tsserver.js:135256:88
    at IOSession.Session.executeWithRequestId (tsserver.js:135247:28)
    at IOSession.Session.executeCommand (tsserver.js:135256:33)
    at IOSession.Session.onMessage (tsserver.js:135279:35)
    at Interface.<anonymous> (tsserver.js:136594:27)
    at Interface.emit (events.js:200:13)
    at Interface._onLine (readline.js:314:10)
    at Interface._normalWrite (readline.js:459:12)
    at Socket.ondata (readline.js:170:10)
    at Socket.emit (events.js:200:13)
    at addChunk (_stream_readable.js:294:12)
    at readableAddChunk (_stream_readable.js:275:11)
    at Socket.Readable.push (_stream_readable.js:210:10)
    at Pipe.onStreamRead (internal/stream_base_commons.js:166:17)
    at Function.create (/snap/code/21/usr/share/code/resources/app/extensions/typescript-language-features/dist/extension.js:53:63732)
    at h.dispatchResponse (/snap/code/21/usr/share/code/resources/app/extensions/typescript-language-features/dist/extension.js:53:56670)
    at h.dispatchMessage (/snap/code/21/usr/share/code/resources/app/extensions/typescript-language-features/dist/extension.js:53:55568)
    at /snap/code/21/usr/share/code/resources/app/extensions/typescript-language-features/dist/extension.js:53:55044
    at l.fire (/snap/code/21/usr/share/code/resources/app/out/vs/workbench/services/extensions/node/extensionHostProcess.js:47:207)
    at t.Reader.onLengthData (/snap/code/21/usr/share/code/resources/app/extensions/typescript-language-features/dist/extension.js:53:61946)
    at Socket.<anonymous> (/snap/code/21/usr/share/code/resources/app/extensions/typescript-language-features/dist/extension.js:53:61594)
    at Socket.emit (events.js:200:13)
    at addChunk (_stream_readable.js:294:12)
    at readableAddChunk (_stream_readable.js:275:11)
    at Socket.Readable.push (_stream_readable.js:210:10)
    at Pipe.onStreamRead (internal/stream_base_commons.js:166:17)
[2019-12-02 13:29:20.845] [exthost] [error] [vscode.typescript-language-features] provider FAILED
[2019-12-02 13:29:20.845] [exthost] [error] Error: <semantic> TypeScript Server Error (3.6.3)
Debug Failure. Did not expect JsxSelfClosingElement to have an Identifier in its trivia
Error: Debug Failure. Did not expect JsxSelfClosingElement to have an Identifier in its trivia
    at addSyntheticNodes (tsserver.js:124556:30)
    at createChildren (tsserver.js:124545:9)
    at NodeObject.getChildren (tsserver.js:124489:56)
    at getTokenAtPositionWorker (tsserver.js:99305:43)
    at getTouchingToken (tsserver.js:99292:16)
    at Object.getTouchingPropertyName (tsserver.js:99284:16)
    at Object.getQuickInfoAtPosition (tsserver.js:125574:27)
    at Proxy.<anonymous> (/home/sachin/.vscode/extensions/bierner.lit-html-1.11.1/node_modules/typescript-template-language-service-decorator/lib/template-language-service-decorator.js:63:24)
    at IOSession.Session.getQuickInfoWorker (tsserver.js:134638:62)
    at Session.handlers.ts.createMapFromTemplate._a.<computed> (tsserver.js:133675:61)
    at tsserver.js:135256:88
    at IOSession.Session.executeWithRequestId (tsserver.js:135247:28)
    at IOSession.Session.executeCommand (tsserver.js:135256:33)
    at IOSession.Session.onMessage (tsserver.js:135279:35)
    at Interface.<anonymous> (tsserver.js:136594:27)
    at Interface.emit (events.js:200:13)
    at Interface._onLine (readline.js:314:10)
    at Interface._normalWrite (readline.js:459:12)
    at Socket.ondata (readline.js:170:10)
    at Socket.emit (events.js:200:13)
    at addChunk (_stream_readable.js:294:12)
    at readableAddChunk (_stream_readable.js:275:11)
    at Socket.Readable.push (_stream_readable.js:210:10)
    at Pipe.onStreamRead (internal/stream_base_commons.js:166:17)
    at Function.create (/snap/code/21/usr/share/code/resources/app/extensions/typescript-language-features/dist/extension.js:53:63732)
    at h.dispatchResponse (/snap/code/21/usr/share/code/resources/app/extensions/typescript-language-features/dist/extension.js:53:56670)
    at h.dispatchMessage (/snap/code/21/usr/share/code/resources/app/extensions/typescript-language-features/dist/extension.js:53:55568)
    at /snap/code/21/usr/share/code/resources/app/extensions/typescript-language-features/dist/extension.js:53:55044
    at l.fire (/snap/code/21/usr/share/code/resources/app/out/vs/workbench/services/extensions/node/extensionHostProcess.js:47:207)
    at t.Reader.onLengthData (/snap/code/21/usr/share/code/resources/app/extensions/typescript-language-features/dist/extension.js:53:61946)
    at Socket.<anonymous> (/snap/code/21/usr/share/code/resources/app/extensions/typescript-language-features/dist/extension.js:53:61594)
    at Socket.emit (events.js:200:13)
    at addChunk (_stream_readable.js:294:12)
    at readableAddChunk (_stream_readable.js:275:11)
    at Socket.Readable.push (_stream_readable.js:210:10)
    at Pipe.onStreamRead (internal/stream_base_commons.js:166:17)
[2019-12-02 13:29:21.581] [exthost] [error] [vscode.typescript-language-features] provider FAILED
[2019-12-02 13:29:21.582] [exthost] [error] Error: <semantic> TypeScript Server Error (3.6.3)
Debug Failure. Did not expect JsxSelfClosingElement to have an Identifier in its trivia
Error: Debug Failure. Did not expect JsxSelfClosingElement to have an Identifier in its trivia
    at addSyntheticNodes (tsserver.js:124556:30)
    at createChildren (tsserver.js:124545:9)
    at NodeObject.getChildren (tsserver.js:124489:56)
    at getTokenAtPositionWorker (tsserver.js:99305:43)
    at Object.getTokenAtPosition (tsserver.js:99297:16)
    at getInfo (tsserver.js:121028:28)
    at Object.getAvailableActions (tsserver.js:121012:28)
    at tsserver.js:115901:128
    at getIterator (tsserver.js:637:23)
    at Object.flatMapIterator (tsserver.js:620:27)
    at Object.getApplicableRefactors (tsserver.js:115900:36)
    at Proxy.getApplicableRefactors (tsserver.js:126101:32)
    at IOSession.Session.getApplicableRefactors (tsserver.js:135013:53)
    at Session.handlers.ts.createMapFromTemplate._a.<computed> (tsserver.js:133868:61)
    at tsserver.js:135256:88
    at IOSession.Session.executeWithRequestId (tsserver.js:135247:28)
    at IOSession.Session.executeCommand (tsserver.js:135256:33)
    at IOSession.Session.onMessage (tsserver.js:135279:35)
    at Interface.<anonymous> (tsserver.js:136594:27)
    at Interface.emit (events.js:200:13)
    at Interface._onLine (readline.js:314:10)
    at Interface._normalWrite (readline.js:459:12)
    at Socket.ondata (readline.js:170:10)
    at Socket.emit (events.js:200:13)
    at addChunk (_stream_readable.js:294:12)
    at readableAddChunk (_stream_readable.js:275:11)
    at Socket.Readable.push (_stream_readable.js:210:10)
    at Pipe.onStreamRead (internal/stream_base_commons.js:166:17)
    at Function.create (/snap/code/21/usr/share/code/resources/app/extensions/typescript-language-features/dist/extension.js:53:63732)
    at h.dispatchResponse (/snap/code/21/usr/share/code/resources/app/extensions/typescript-language-features/dist/extension.js:53:56670)
    at h.dispatchMessage (/snap/code/21/usr/share/code/resources/app/extensions/typescript-language-features/dist/extension.js:53:55568)
    at /snap/code/21/usr/share/code/resources/app/extensions/typescript-language-features/dist/extension.js:53:55044
    at l.fire (/snap/code/21/usr/share/code/resources/app/out/vs/workbench/services/extensions/node/extensionHostProcess.js:47:207)
    at t.Reader.onLengthData (/snap/code/21/usr/share/code/resources/app/extensions/typescript-language-features/dist/extension.js:53:61946)
    at Socket.<anonymous> (/snap/code/21/usr/share/code/resources/app/extensions/typescript-language-features/dist/extension.js:53:61594)
    at Socket.emit (events.js:200:13)
    at addChunk (_stream_readable.js:294:12)
    at readableAddChunk (_stream_readable.js:275:11)
    at Socket.Readable.push (_stream_readable.js:210:10)
    at Pipe.onStreamRead (internal/stream_base_commons.js:166:17)
[2019-12-02 13:29:51.148] [exthost] [error] [vscode.typescript-language-features] provider FAILED
[2019-12-02 13:29:51.149] [exthost] [error] Error: <semantic> TypeScript Server Error (3.6.3)
Debug Failure. Did not expect JsxSelfClosingElement to have an Identifier in its trivia
Error: Debug Failure. Did not expect JsxSelfClosingElement to have an Identifier in its trivia
    at addSyntheticNodes (tsserver.js:124556:30)
    at createChildren (tsserver.js:124545:9)
    at NodeObject.getChildren (tsserver.js:124489:56)
    at getTokenAtPositionWorker (tsserver.js:99305:43)
    at Object.getTokenAtPosition (tsserver.js:99297:16)
    at getInfo (tsserver.js:121028:28)
    at Object.getAvailableActions (tsserver.js:121012:28)
    at tsserver.js:115901:128
    at getIterator (tsserver.js:637:23)
    at Object.flatMapIterator (tsserver.js:620:27)
    at Object.getApplicableRefactors (tsserver.js:115900:36)
    at Proxy.getApplicableRefactors (tsserver.js:126101:32)
    at IOSession.Session.getApplicableRefactors (tsserver.js:135013:53)
    at Session.handlers.ts.createMapFromTemplate._a.<computed> (tsserver.js:133868:61)
    at tsserver.js:135256:88
    at IOSession.Session.executeWithRequestId (tsserver.js:135247:28)
    at IOSession.Session.executeCommand (tsserver.js:135256:33)
    at IOSession.Session.onMessage (tsserver.js:135279:35)
    at Interface.<anonymous> (tsserver.js:136594:27)
    at Interface.emit (events.js:200:13)
    at Interface._onLine (readline.js:314:10)
    at Interface._normalWrite (readline.js:459:12)
    at Socket.ondata (readline.js:170:10)
    at Socket.emit (events.js:200:13)
    at addChunk (_stream_readable.js:294:12)
    at readableAddChunk (_stream_readable.js:275:11)
    at Socket.Readable.push (_stream_readable.js:210:10)
    at Pipe.onStreamRead (internal/stream_base_commons.js:166:17)
    at Function.create (/snap/code/21/usr/share/code/resources/app/extensions/typescript-language-features/dist/extension.js:53:63732)
    at h.dispatchResponse (/snap/code/21/usr/share/code/resources/app/extensions/typescript-language-features/dist/extension.js:53:56670)
    at h.dispatchMessage (/snap/code/21/usr/share/code/resources/app/extensions/typescript-language-features/dist/extension.js:53:55568)
    at /snap/code/21/usr/share/code/resources/app/extensions/typescript-language-features/dist/extension.js:53:55044
    at l.fire (/snap/code/21/usr/share/code/resources/app/out/vs/workbench/services/extensions/node/extensionHostProcess.js:47:207)
    at t.Reader.onLengthData (/snap/code/21/usr/share/code/resources/app/extensions/typescript-language-features/dist/extension.js:53:61946)
    at Socket.<anonymous> (/snap/code/21/usr/share/code/resources/app/extensions/typescript-language-features/dist/extension.js:53:61594)
    at Socket.emit (events.js:200:13)
    at addChunk (_stream_readable.js:294:12)
    at readableAddChunk (_stream_readable.js:275:11)
    at Socket.Readable.push (_stream_readable.js:210:10)
    at Pipe.onStreamRead (internal/stream_base_commons.js:166:17)
[2019-12-02 13:29:51.469] [exthost] [error] [vscode.typescript-language-features] provider FAILED
[2019-12-02 13:29:51.470] [exthost] [error] Error: <semantic> TypeScript Server Error (3.6.3)
Debug Failure. Did not expect JsxSelfClosingElement to have an Identifier in its trivia
Error: Debug Failure. Did not expect JsxSelfClosingElement to have an Identifier in its trivia
    at addSyntheticNodes (tsserver.js:124556:30)
    at createChildren (tsserver.js:124545:9)
    at NodeObject.getChildren (tsserver.js:124489:56)
    at getTokenAtPositionWorker (tsserver.js:99305:43)
    at getTouchingToken (tsserver.js:99292:16)
    at Object.getTouchingPropertyName (tsserver.js:99284:16)
    at Object.getQuickInfoAtPosition (tsserver.js:125574:27)
    at Proxy.<anonymous> (/home/sachin/.vscode/extensions/bierner.lit-html-1.11.1/node_modules/typescript-template-language-service-decorator/lib/template-language-service-decorator.js:63:24)
    at IOSession.Session.getQuickInfoWorker (tsserver.js:134638:62)
    at Session.handlers.ts.createMapFromTemplate._a.<computed> (tsserver.js:133675:61)
    at tsserver.js:135256:88
    at IOSession.Session.executeWithRequestId (tsserver.js:135247:28)
    at IOSession.Session.executeCommand (tsserver.js:135256:33)
    at IOSession.Session.onMessage (tsserver.js:135279:35)
    at Interface.<anonymous> (tsserver.js:136594:27)
    at Interface.emit (events.js:200:13)
    at Interface._onLine (readline.js:314:10)
    at Interface._normalWrite (readline.js:459:12)
    at Socket.ondata (readline.js:170:10)
    at Socket.emit (events.js:200:13)
    at addChunk (_stream_readable.js:294:12)
    at readableAddChunk (_stream_readable.js:275:11)
    at Socket.Readable.push (_stream_readable.js:210:10)
    at Pipe.onStreamRead (internal/stream_base_commons.js:166:17)
    at Function.create (/snap/code/21/usr/share/code/resources/app/extensions/typescript-language-features/dist/extension.js:53:63732)
    at h.dispatchResponse (/snap/code/21/usr/share/code/resources/app/extensions/typescript-language-features/dist/extension.js:53:56670)
    at h.dispatchMessage (/snap/code/21/usr/share/code/resources/app/extensions/typescript-language-features/dist/extension.js:53:55568)
    at /snap/code/21/usr/share/code/resources/app/extensions/typescript-language-features/dist/extension.js:53:55044
    at l.fire (/snap/code/21/usr/share/code/resources/app/out/vs/workbench/services/extensions/node/extensionHostProcess.js:47:207)
    at t.Reader.onLengthData (/snap/code/21/usr/share/code/resources/app/extensions/typescript-language-features/dist/extension.js:53:61946)
    at Socket.<anonymous> (/snap/code/21/usr/share/code/resources/app/extensions/typescript-language-features/dist/extension.js:53:61594)
    at Socket.emit (events.js:200:13)
    at addChunk (_stream_readable.js:294:12)
    at readableAddChunk (_stream_readable.js:275:11)
    at Socket.Readable.push (_stream_readable.js:210:10)
    at Pipe.onStreamRead (internal/stream_base_commons.js:166:17)
[2019-12-02 13:29:52.024] [exthost] [error] [vscode.typescript-language-features] provider FAILED
[2019-12-02 13:29:52.024] [exthost] [error] Error: <semantic> TypeScript Server Error (3.6.3)
Debug Failure. Did not expect JsxSelfClosingElement to have an Identifier in its trivia
Error: Debug Failure. Did not expect JsxSelfClosingElement to have an Identifier in its trivia
    at addSyntheticNodes (tsserver.js:124556:30)
    at createChildren (tsserver.js:124545:9)
    at NodeObject.getChildren (tsserver.js:124489:56)
    at getTokenAtPositionWorker (tsserver.js:99305:43)
    at Object.getTokenAtPosition (tsserver.js:99297:16)
    at getInfo (tsserver.js:121028:28)
    at Object.getAvailableActions (tsserver.js:121012:28)
    at tsserver.js:115901:128
    at getIterator (tsserver.js:637:23)
    at Object.flatMapIterator (tsserver.js:620:27)
    at Object.getApplicableRefactors (tsserver.js:115900:36)
    at Proxy.getApplicableRefactors (tsserver.js:126101:32)
    at IOSession.Session.getApplicableRefactors (tsserver.js:135013:53)
    at Session.handlers.ts.createMapFromTemplate._a.<computed> (tsserver.js:133868:61)
    at tsserver.js:135256:88
    at IOSession.Session.executeWithRequestId (tsserver.js:135247:28)
    at IOSession.Session.executeCommand (tsserver.js:135256:33)
    at IOSession.Session.onMessage (tsserver.js:135279:35)
    at Interface.<anonymous> (tsserver.js:136594:27)
    at Interface.emit (events.js:200:13)
    at Interface._onLine (readline.js:314:10)
    at Interface._normalWrite (readline.js:459:12)
    at Socket.ondata (readline.js:170:10)
    at Socket.emit (events.js:200:13)
    at addChunk (_stream_readable.js:294:12)
    at readableAddChunk (_stream_readable.js:275:11)
    at Socket.Readable.push (_stream_readable.js:210:10)
    at Pipe.onStreamRead (internal/stream_base_commons.js:166:17)
    at Function.create (/snap/code/21/usr/share/code/resources/app/extensions/typescript-language-features/dist/extension.js:53:63732)
    at h.dispatchResponse (/snap/code/21/usr/share/code/resources/app/extensions/typescript-language-features/dist/extension.js:53:56670)
    at h.dispatchMessage (/snap/code/21/usr/share/code/resources/app/extensions/typescript-language-features/dist/extension.js:53:55568)
    at /snap/code/21/usr/share/code/resources/app/extensions/typescript-language-features/dist/extension.js:53:55044
    at l.fire (/snap/code/21/usr/share/code/resources/app/out/vs/workbench/services/extensions/node/extensionHostProcess.js:47:207)
    at t.Reader.onLengthData (/snap/code/21/usr/share/code/resources/app/extensions/typescript-language-features/dist/extension.js:53:61946)
    at Socket.<anonymous> (/snap/code/21/usr/share/code/resources/app/extensions/typescript-language-features/dist/extension.js:53:61594)
    at Socket.emit (events.js:200:13)
    at addChunk (_stream_readable.js:294:12)
    at readableAddChunk (_stream_readable.js:275:11)
    at Socket.Readable.push (_stream_readable.js:210:10)
    at Pipe.onStreamRead (internal/stream_base_commons.js:166:17)
[2019-12-02 13:30:18.378] [exthost] [error] [vscode.typescript-language-features] provider FAILED
[2019-12-02 13:30:18.382] [exthost] [error] Error: <semantic> TypeScript Server Error (3.6.3)
Debug Failure. Did not expect JsxSelfClosingElement to have an Identifier in its trivia
Error: Debug Failure. Did not expect JsxSelfClosingElement to have an Identifier in its trivia
    at addSyntheticNodes (tsserver.js:124556:30)
    at createChildren (tsserver.js:124545:9)
    at NodeObject.getChildren (tsserver.js:124489:56)
    at getTokenAtPositionWorker (tsserver.js:99305:43)
    at getTouchingToken (tsserver.js:99292:16)
    at Object.getTouchingPropertyName (tsserver.js:99284:16)
    at Object.getQuickInfoAtPosition (tsserver.js:125574:27)
    at Proxy.<anonymous> (/home/sachin/.vscode/extensions/bierner.lit-html-1.11.1/node_modules/typescript-template-language-service-decorator/lib/template-language-service-decorator.js:63:24)
    at IOSession.Session.getQuickInfoWorker (tsserver.js:134638:62)
    at Session.handlers.ts.createMapFromTemplate._a.<computed> (tsserver.js:133675:61)
    at tsserver.js:135256:88
    at IOSession.Session.executeWithRequestId (tsserver.js:135247:28)
    at IOSession.Session.executeCommand (tsserver.js:135256:33)
    at IOSession.Session.onMessage (tsserver.js:135279:35)
    at Interface.<anonymous> (tsserver.js:136594:27)
    at Interface.emit (events.js:200:13)
    at Interface._onLine (readline.js:314:10)
    at Interface._normalWrite (readline.js:459:12)
    at Socket.ondata (readline.js:170:10)
    at Socket.emit (events.js:200:13)
    at addChunk (_stream_readable.js:294:12)
    at readableAddChunk (_stream_readable.js:275:11)
    at Socket.Readable.push (_stream_readable.js:210:10)
    at Pipe.onStreamRead (internal/stream_base_commons.js:166:17)
    at Function.create (/snap/code/21/usr/share/code/resources/app/extensions/typescript-language-features/dist/extension.js:53:63732)
    at h.dispatchResponse (/snap/code/21/usr/share/code/resources/app/extensions/typescript-language-features/dist/extension.js:53:56670)
    at h.dispatchMessage (/snap/code/21/usr/share/code/resources/app/extensions/typescript-language-features/dist/extension.js:53:55568)
    at /snap/code/21/usr/share/code/resources/app/extensions/typescript-language-features/dist/extension.js:53:55044
    at l.fire (/snap/code/21/usr/share/code/resources/app/out/vs/workbench/services/extensions/node/extensionHostProcess.js:47:207)
    at t.Reader.onLengthData (/snap/code/21/usr/share/code/resources/app/extensions/typescript-language-features/dist/extension.js:53:61946)
    at Socket.<anonymous> (/snap/code/21/usr/share/code/resources/app/extensions/typescript-language-features/dist/extension.js:53:61594)
    at Socket.emit (events.js:200:13)
    at addChunk (_stream_readable.js:294:12)
    at readableAddChunk (_stream_readable.js:275:11)
    at Socket.Readable.push (_stream_readable.js:210:10)
    at Pipe.onStreamRead (internal/stream_base_commons.js:166:17)
[2019-12-02 13:30:18.925] [exthost] [error] [vscode.typescript-language-features] provider FAILED
[2019-12-02 13:30:18.926] [exthost] [error] Error: <semantic> TypeScript Server Error (3.6.3)
Debug Failure. Did not expect JsxSelfClosingElement to have an Identifier in its trivia
Error: Debug Failure. Did not expect JsxSelfClosingElement to have an Identifier in its trivia
    at addSyntheticNodes (tsserver.js:124556:30)
    at createChildren (tsserver.js:124545:9)
    at NodeObject.getChildren (tsserver.js:124489:56)
    at getTokenAtPositionWorker (tsserver.js:99305:43)
    at getTouchingToken (tsserver.js:99292:16)
    at Object.getTouchingPropertyName (tsserver.js:99284:16)
    at Object.getQuickInfoAtPosition (tsserver.js:125574:27)
    at Proxy.<anonymous> (/home/sachin/.vscode/extensions/bierner.lit-html-1.11.1/node_modules/typescript-template-language-service-decorator/lib/template-language-service-decorator.js:63:24)
    at IOSession.Session.getQuickInfoWorker (tsserver.js:134638:62)
    at Session.handlers.ts.createMapFromTemplate._a.<computed> (tsserver.js:133675:61)
    at tsserver.js:135256:88
    at IOSession.Session.executeWithRequestId (tsserver.js:135247:28)
    at IOSession.Session.executeCommand (tsserver.js:135256:33)
    at IOSession.Session.onMessage (tsserver.js:135279:35)
    at Interface.<anonymous> (tsserver.js:136594:27)
    at Interface.emit (events.js:200:13)
    at Interface._onLine (readline.js:314:10)
    at Interface._normalWrite (readline.js:459:12)
    at Socket.ondata (readline.js:170:10)
    at Socket.emit (events.js:200:13)
    at addChunk (_stream_readable.js:294:12)
    at readableAddChunk (_stream_readable.js:275:11)
    at Socket.Readable.push (_stream_readable.js:210:10)
    at Pipe.onStreamRead (internal/stream_base_commons.js:166:17)
    at Function.create (/snap/code/21/usr/share/code/resources/app/extensions/typescript-language-features/dist/extension.js:53:63732)
    at h.dispatchResponse (/snap/code/21/usr/share/code/resources/app/extensions/typescript-language-features/dist/extension.js:53:56670)
    at h.dispatchMessage (/snap/code/21/usr/share/code/resources/app/extensions/typescript-language-features/dist/extension.js:53:55568)
    at /snap/code/21/usr/share/code/resources/app/extensions/typescript-language-features/dist/extension.js:53:55044
    at l.fire (/snap/code/21/usr/share/code/resources/app/out/vs/workbench/services/extensions/node/extensionHostProcess.js:47:207)
    at t.Reader.onLengthData (/snap/code/21/usr/share/code/resources/app/extensions/typescript-language-features/dist/extension.js:53:61946)
    at Socket.<anonymous> (/snap/code/21/usr/share/code/resources/app/extensions/typescript-language-features/dist/extension.js:53:61594)
    at Socket.emit (events.js:200:13)
    at addChunk (_stream_readable.js:294:12)
    at readableAddChunk (_stream_readable.js:275:11)
    at Socket.Readable.push (_stream_readable.js:210:10)
    at Pipe.onStreamRead (internal/stream_base_commons.js:166:17)
[2019-12-02 13:30:19.414] [exthost] [error] [vscode.typescript-language-features] provider FAILED
[2019-12-02 13:30:19.415] [exthost] [error] Error: <semantic> TypeScript Server Error (3.6.3)
Debug Failure. Did not expect JsxSelfClosingElement to have an Identifier in its trivia
Error: Debug Failure. Did not expect JsxSelfClosingElement to have an Identifier in its trivia
    at addSyntheticNodes (tsserver.js:124556:30)
    at createChildren (tsserver.js:124545:9)
    at NodeObject.getChildren (tsserver.js:124489:56)
    at getTokenAtPositionWorker (tsserver.js:99305:43)
    at Object.getTokenAtPosition (tsserver.js:99297:16)
    at getInfo (tsserver.js:121028:28)
    at Object.getAvailableActions (tsserver.js:121012:28)
    at tsserver.js:115901:128
    at getIterator (tsserver.js:637:23)
    at Object.flatMapIterator (tsserver.js:620:27)
    at Object.getApplicableRefactors (tsserver.js:115900:36)
    at Proxy.getApplicableRefactors (tsserver.js:126101:32)
    at IOSession.Session.getApplicableRefactors (tsserver.js:135013:53)
    at Session.handlers.ts.createMapFromTemplate._a.<computed> (tsserver.js:133868:61)
    at tsserver.js:135256:88
    at IOSession.Session.executeWithRequestId (tsserver.js:135247:28)
    at IOSession.Session.executeCommand (tsserver.js:135256:33)
    at IOSession.Session.onMessage (tsserver.js:135279:35)
    at Interface.<anonymous> (tsserver.js:136594:27)
    at Interface.emit (events.js:200:13)
    at Interface._onLine (readline.js:314:10)
    at Interface._normalWrite (readline.js:459:12)
    at Socket.ondata (readline.js:170:10)
    at Socket.emit (events.js:200:13)
    at addChunk (_stream_readable.js:294:12)
    at readableAddChunk (_stream_readable.js:275:11)
    at Socket.Readable.push (_stream_readable.js:210:10)
    at Pipe.onStreamRead (internal/stream_base_commons.js:166:17)
    at Function.create (/snap/code/21/usr/share/code/resources/app/extensions/typescript-language-features/dist/extension.js:53:63732)
    at h.dispatchResponse (/snap/code/21/usr/share/code/resources/app/extensions/typescript-language-features/dist/extension.js:53:56670)
    at h.dispatchMessage (/snap/code/21/usr/share/code/resources/app/extensions/typescript-language-features/dist/extension.js:53:55568)
    at /snap/code/21/usr/share/code/resources/app/extensions/typescript-language-features/dist/extension.js:53:55044
    at l.fire (/snap/code/21/usr/share/code/resources/app/out/vs/workbench/services/extensions/node/extensionHostProcess.js:47:207)
    at t.Reader.onLengthData (/snap/code/21/usr/share/code/resources/app/extensions/typescript-language-features/dist/extension.js:53:61946)
    at Socket.<anonymous> (/snap/code/21/usr/share/code/resources/app/extensions/typescript-language-features/dist/extension.js:53:61594)
    at Socket.emit (events.js:200:13)
    at addChunk (_stream_readable.js:294:12)
    at readableAddChunk (_stream_readable.js:275:11)
    at Socket.Readable.push (_stream_readable.js:210:10)
    at Pipe.onStreamRead (internal/stream_base_commons.js:166:17)
[2019-12-02 13:30:22.093] [exthost] [error] [vscode.typescript-language-features] provider FAILED
[2019-12-02 13:30:22.094] [exthost] [error] Error: <semantic> TypeScript Server Error (3.6.3)
Debug Failure. Did not expect JsxSelfClosingElement to have an Identifier in its trivia
Error: Debug Failure. Did not expect JsxSelfClosingElement to have an Identifier in its trivia
    at addSyntheticNodes (tsserver.js:124556:30)
    at createChildren (tsserver.js:124545:9)
    at NodeObject.getChildren (tsserver.js:124489:56)
    at getTokenAtPositionWorker (tsserver.js:99305:43)
    at getTouchingToken (tsserver.js:99292:16)
    at Object.getTouchingPropertyName (tsserver.js:99284:16)
    at Object.getQuickInfoAtPosition (tsserver.js:125574:27)
    at Proxy.<anonymous> (/home/sachin/.vscode/extensions/bierner.lit-html-1.11.1/node_modules/typescript-template-language-service-decorator/lib/template-language-service-decorator.js:63:24)
    at IOSession.Session.getQuickInfoWorker (tsserver.js:134638:62)
    at Session.handlers.ts.createMapFromTemplate._a.<computed> (tsserver.js:133675:61)
    at tsserver.js:135256:88
    at IOSession.Session.executeWithRequestId (tsserver.js:135247:28)
    at IOSession.Session.executeCommand (tsserver.js:135256:33)
    at IOSession.Session.onMessage (tsserver.js:135279:35)
    at Interface.<anonymous> (tsserver.js:136594:27)
    at Interface.emit (events.js:200:13)
    at Interface._onLine (readline.js:314:10)
    at Interface._normalWrite (readline.js:459:12)
    at Socket.ondata (readline.js:170:10)
    at Socket.emit (events.js:200:13)
    at addChunk (_stream_readable.js:294:12)
    at readableAddChunk (_stream_readable.js:275:11)
    at Socket.Readable.push (_stream_readable.js:210:10)
    at Pipe.onStreamRead (internal/stream_base_commons.js:166:17)
    at Function.create (/snap/code/21/usr/share/code/resources/app/extensions/typescript-language-features/dist/extension.js:53:63732)
    at h.dispatchResponse (/snap/code/21/usr/share/code/resources/app/extensions/typescript-language-features/dist/extension.js:53:56670)
    at h.dispatchMessage (/snap/code/21/usr/share/code/resources/app/extensions/typescript-language-features/dist/extension.js:53:55568)
    at /snap/code/21/usr/share/code/resources/app/extensions/typescript-language-features/dist/extension.js:53:55044
    at l.fire (/snap/code/21/usr/share/code/resources/app/out/vs/workbench/services/extensions/node/extensionHostProcess.js:47:207)
    at t.Reader.onLengthData (/snap/code/21/usr/share/code/resources/app/extensions/typescript-language-features/dist/extension.js:53:61946)
    at Socket.<anonymous> (/snap/code/21/usr/share/code/resources/app/extensions/typescript-language-features/dist/extension.js:53:61594)
    at Socket.emit (events.js:200:13)
    at addChunk (_stream_readable.js:294:12)
    at readableAddChunk (_stream_readable.js:275:11)
    at Socket.Readable.push (_stream_readable.js:210:10)
    at Pipe.onStreamRead (internal/stream_base_commons.js:166:17)
[2019-12-02 13:30:52.497] [exthost] [error] [vscode.typescript-language-features] provider FAILED
[2019-12-02 13:30:52.498] [exthost] [error] Error: <semantic> TypeScript Server Error (3.6.3)
Debug Failure. Did not expect JsxSelfClosingElement to have an Identifier in its trivia
Error: Debug Failure. Did not expect JsxSelfClosingElement to have an Identifier in its trivia
    at addSyntheticNodes (tsserver.js:124556:30)
    at createChildren (tsserver.js:124545:9)
    at NodeObject.getChildren (tsserver.js:124489:56)
    at getTokenAtPositionWorker (tsserver.js:99305:43)
    at getTouchingToken (tsserver.js:99292:16)
    at Object.getTouchingPropertyName (tsserver.js:99284:16)
    at Object.getQuickInfoAtPosition (tsserver.js:125574:27)
    at Proxy.<anonymous> (/home/sachin/.vscode/extensions/bierner.lit-html-1.11.1/node_modules/typescript-template-language-service-decorator/lib/template-language-service-decorator.js:63:24)
    at IOSession.Session.getQuickInfoWorker (tsserver.js:134638:62)
    at Session.handlers.ts.createMapFromTemplate._a.<computed> (tsserver.js:133675:61)
    at tsserver.js:135256:88
    at IOSession.Session.executeWithRequestId (tsserver.js:135247:28)
    at IOSession.Session.executeCommand (tsserver.js:135256:33)
    at IOSession.Session.onMessage (tsserver.js:135279:35)
    at Interface.<anonymous> (tsserver.js:136594:27)
    at Interface.emit (events.js:200:13)
    at Interface._onLine (readline.js:314:10)
    at Interface._normalWrite (readline.js:459:12)
    at Socket.ondata (readline.js:170:10)
    at Socket.emit (events.js:200:13)
    at addChunk (_stream_readable.js:294:12)
    at readableAddChunk (_stream_readable.js:275:11)
    at Socket.Readable.push (_stream_readable.js:210:10)
    at Pipe.onStreamRead (internal/stream_base_commons.js:166:17)
    at Function.create (/snap/code/21/usr/share/code/resources/app/extensions/typescript-language-features/dist/extension.js:53:63732)
    at h.dispatchResponse (/snap/code/21/usr/share/code/resources/app/extensions/typescript-language-features/dist/extension.js:53:56670)
    at h.dispatchMessage (/snap/code/21/usr/share/code/resources/app/extensions/typescript-language-features/dist/extension.js:53:55568)
    at /snap/code/21/usr/share/code/resources/app/extensions/typescript-language-features/dist/extension.js:53:55044
    at l.fire (/snap/code/21/usr/share/code/resources/app/out/vs/workbench/services/extensions/node/extensionHostProcess.js:47:207)
    at t.Reader.onLengthData (/snap/code/21/usr/share/code/resources/app/extensions/typescript-language-features/dist/extension.js:53:61946)
    at Socket.<anonymous> (/snap/code/21/usr/share/code/resources/app/extensions/typescript-language-features/dist/extension.js:53:61594)
    at Socket.emit (events.js:200:13)
    at addChunk (_stream_readable.js:294:12)
    at readableAddChunk (_stream_readable.js:275:11)
    at Socket.Readable.push (_stream_readable.js:210:10)
    at Pipe.onStreamRead (internal/stream_base_commons.js:166:17)
[2019-12-02 13:30:53.536] [exthost] [error] [vscode.typescript-language-features] provider FAILED
[2019-12-02 13:30:53.537] [exthost] [error] Error: <semantic> TypeScript Server Error (3.6.3)
Debug Failure. Did not expect JsxSelfClosingElement to have an Identifier in its trivia
Error: Debug Failure. Did not expect JsxSelfClosingElement to have an Identifier in its trivia
    at addSyntheticNodes (tsserver.js:124556:30)
    at createChildren (tsserver.js:124545:9)
    at NodeObject.getChildren (tsserver.js:124489:56)
    at getTokenAtPositionWorker (tsserver.js:99305:43)
    at Object.getTokenAtPosition (tsserver.js:99297:16)
    at getInfo (tsserver.js:121028:28)
    at Object.getAvailableActions (tsserver.js:121012:28)
    at tsserver.js:115901:128
    at getIterator (tsserver.js:637:23)
    at Object.flatMapIterator (tsserver.js:620:27)
    at Object.getApplicableRefactors (tsserver.js:115900:36)
    at Proxy.getApplicableRefactors (tsserver.js:126101:32)
    at IOSession.Session.getApplicableRefactors (tsserver.js:135013:53)
    at Session.handlers.ts.createMapFromTemplate._a.<computed> (tsserver.js:133868:61)
    at tsserver.js:135256:88
    at IOSession.Session.executeWithRequestId (tsserver.js:135247:28)
    at IOSession.Session.executeCommand (tsserver.js:135256:33)
    at IOSession.Session.onMessage (tsserver.js:135279:35)
    at Interface.<anonymous> (tsserver.js:136594:27)
    at Interface.emit (events.js:200:13)
    at Interface._onLine (readline.js:314:10)
    at Interface._normalWrite (readline.js:459:12)
    at Socket.ondata (readline.js:170:10)
    at Socket.emit (events.js:200:13)
    at addChunk (_stream_readable.js:294:12)
    at readableAddChunk (_stream_readable.js:275:11)
    at Socket.Readable.push (_stream_readable.js:210:10)
    at Pipe.onStreamRead (internal/stream_base_commons.js:166:17)
    at Function.create (/snap/code/21/usr/share/code/resources/app/extensions/typescript-language-features/dist/extension.js:53:63732)
    at h.dispatchResponse (/snap/code/21/usr/share/code/resources/app/extensions/typescript-language-features/dist/extension.js:53:56670)
    at h.dispatchMessage (/snap/code/21/usr/share/code/resources/app/extensions/typescript-language-features/dist/extension.js:53:55568)
    at /snap/code/21/usr/share/code/resources/app/extensions/typescript-language-features/dist/extension.js:53:55044
    at l.fire (/snap/code/21/usr/share/code/resources/app/out/vs/workbench/services/extensions/node/extensionHostProcess.js:47:207)
    at t.Reader.onLengthData (/snap/code/21/usr/share/code/resources/app/extensions/typescript-language-features/dist/extension.js:53:61946)
    at Socket.<anonymous> (/snap/code/21/usr/share/code/resources/app/extensions/typescript-language-features/dist/extension.js:53:61594)
    at Socket.emit (events.js:200:13)
    at addChunk (_stream_readable.js:294:12)
    at readableAddChunk (_stream_readable.js:275:11)
    at Socket.Readable.push (_stream_readable.js:210:10)
    at Pipe.onStreamRead (internal/stream_base_commons.js:166:17)
[2019-12-02 13:31:36.065] [exthost] [info] ExtensionService#_doActivateExtension vscode.configuration-editing {"startup":false,"extensionId":{"value":"vscode.configuration-editing","_lower":"vscode.configuration-editing"},"activationEvent":"onLanguage:jsonc"}
[2019-12-02 13:31:36.066] [exthost] [info] ExtensionService#loadCommonJSModule file:///snap/code/21/usr/share/code/resources/app/extensions/configuration-editing/dist/extension
[2019-12-02 13:31:36.082] [exthost] [info] ExtensionService#_doActivateExtension vscode.json-language-features {"startup":false,"extensionId":{"value":"vscode.json-language-features","_lower":"vscode.json-language-features"},"activationEvent":"onLanguage:jsonc"}
[2019-12-02 13:31:36.082] [exthost] [info] ExtensionService#loadCommonJSModule file:///snap/code/21/usr/share/code/resources/app/extensions/json-language-features/client/dist/jsonMain
