[2019-12-02 11:21:01.747] [exthost] [info] extension host started
[2019-12-02 11:21:01.801] [exthost] [info] ExtensionService#_doActivateExtension vscode.debug-auto-launch {"startup":true,"extensionId":{"value":"vscode.debug-auto-launch","_lower":"vscode.debug-auto-launch"},"activationEvent":"*"}
[2019-12-02 11:21:01.801] [exthost] [info] ExtensionService#loadCommonJSModule file:///snap/code/21/usr/share/code/resources/app/extensions/debug-auto-launch/dist/extension
[2019-12-02 11:21:01.806] [exthost] [info] ExtensionService#_doActivateExtension vscode.emmet {"startup":true,"extensionId":{"value":"vscode.emmet","_lower":"vscode.emmet"},"activationEvent":"*"}
[2019-12-02 11:21:01.806] [exthost] [info] ExtensionService#loadCommonJSModule file:///snap/code/21/usr/share/code/resources/app/extensions/emmet/dist/extension
[2019-12-02 11:21:01.830] [exthost] [info] ExtensionService#_doActivateExtension vscode.git {"startup":true,"extensionId":{"value":"waderyan.gitblame","_lower":"waderyan.gitblame"},"activationEvent":"*"}
[2019-12-02 11:21:01.830] [exthost] [info] ExtensionService#loadCommonJSModule file:///snap/code/21/usr/share/code/resources/app/extensions/git/dist/main
[2019-12-02 11:21:01.878] [exthost] [info] ExtensionService#_doActivateExtension vscode.merge-conflict {"startup":true,"extensionId":{"value":"vscode.merge-conflict","_lower":"vscode.merge-conflict"},"activationEvent":"*"}
[2019-12-02 11:21:01.878] [exthost] [info] ExtensionService#loadCommonJSModule file:///snap/code/21/usr/share/code/resources/app/extensions/merge-conflict/dist/extension
[2019-12-02 11:21:01.882] [exthost] [info] ExtensionService#_doActivateExtension eamodio.gitlens {"startup":true,"extensionId":{"value":"eamodio.gitlens","_lower":"eamodio.gitlens"},"activationEvent":"*"}
[2019-12-02 11:21:01.882] [exthost] [info] ExtensionService#loadCommonJSModule file:///home/sachin/.vscode/extensions/eamodio.gitlens-10.2.0/dist/extension
[2019-12-02 11:21:01.944] [exthost] [info] ExtensionService#_doActivateExtension esbenp.prettier-vscode {"startup":true,"extensionId":{"value":"esbenp.prettier-vscode","_lower":"esbenp.prettier-vscode"},"activationEvent":"*"}
[2019-12-02 11:21:01.944] [exthost] [info] ExtensionService#loadCommonJSModule file:///home/sachin/.vscode/extensions/esbenp.prettier-vscode-3.11.0/dist/extension
[2019-12-02 11:21:02.023] [exthost] [info] ExtensionService#_doActivateExtension filwaline.vscode-postfix-python {"startup":true,"extensionId":{"value":"filwaline.vscode-postfix-python","_lower":"filwaline.vscode-postfix-python"},"activationEvent":"*"}
[2019-12-02 11:21:02.024] [exthost] [info] ExtensionService#loadCommonJSModule file:///home/sachin/.vscode/extensions/filwaline.vscode-postfix-python-0.1.3/out/src/extension
[2019-12-02 11:21:02.254] [exthost] [info] ExtensionService#_doActivateExtension formulahendry.auto-close-tag {"startup":true,"extensionId":{"value":"formulahendry.auto-close-tag","_lower":"formulahendry.auto-close-tag"},"activationEvent":"*"}
[2019-12-02 11:21:02.254] [exthost] [info] ExtensionService#loadCommonJSModule file:///home/sachin/.vscode/extensions/formulahendry.auto-close-tag-0.5.6/out/src/extension
[2019-12-02 11:21:02.256] [exthost] [info] ExtensionService#_doActivateExtension formulahendry.auto-rename-tag {"startup":true,"extensionId":{"value":"formulahendry.auto-rename-tag","_lower":"formulahendry.auto-rename-tag"},"activationEvent":"*"}
[2019-12-02 11:21:02.256] [exthost] [info] ExtensionService#loadCommonJSModule file:///home/sachin/.vscode/extensions/formulahendry.auto-rename-tag-0.1.1/out/src/extension
[2019-12-02 11:21:02.258] [exthost] [info] ExtensionService#_doActivateExtension hbenl.vscode-test-explorer {"startup":true,"extensionId":{"value":"hbenl.vscode-test-explorer","_lower":"hbenl.vscode-test-explorer"},"activationEvent":"*"}
[2019-12-02 11:21:02.258] [exthost] [info] ExtensionService#loadCommonJSModule file:///home/sachin/.vscode/extensions/hbenl.vscode-test-explorer-2.14.6/out/main.js
[2019-12-02 11:21:02.274] [exthost] [info] ExtensionService#_doActivateExtension HookyQR.beautify {"startup":true,"extensionId":{"value":"HookyQR.beautify","_lower":"hookyqr.beautify"},"activationEvent":"*"}
[2019-12-02 11:21:02.274] [exthost] [info] ExtensionService#loadCommonJSModule file:///home/sachin/.vscode/extensions/hookyqr.beautify-1.5.0/extension
[2019-12-02 11:21:02.314] [exthost] [info] ExtensionService#_doActivateExtension ritwickdey.LiveServer {"startup":true,"extensionId":{"value":"ritwickdey.LiveServer","_lower":"ritwickdey.liveserver"},"activationEvent":"*"}
[2019-12-02 11:21:02.314] [exthost] [info] ExtensionService#loadCommonJSModule file:///home/sachin/.vscode/extensions/ritwickdey.liveserver-5.6.1/out/src/extension
[2019-12-02 11:21:02.639] [exthost] [info] ExtensionService#_doActivateExtension Zignd.html-css-class-completion {"startup":true,"extensionId":{"value":"Zignd.html-css-class-completion","_lower":"zignd.html-css-class-completion"},"activationEvent":"*"}
[2019-12-02 11:21:02.639] [exthost] [info] ExtensionService#loadCommonJSModule file:///home/sachin/.vscode/extensions/zignd.html-css-class-completion-1.19.0/out/src/extension
[2019-12-02 11:21:02.964] [exthost] [info] eager extensions activated
[2019-12-02 11:21:03.235] [exthost] [info] ExtensionService#_doActivateExtension waderyan.gitblame {"startup":true,"extensionId":{"value":"waderyan.gitblame","_lower":"waderyan.gitblame"},"activationEvent":"*"}
[2019-12-02 11:21:03.235] [exthost] [info] ExtensionService#loadCommonJSModule file:///home/sachin/.vscode/extensions/waderyan.gitblame-3.0.1/dist/bundle
[2019-12-02 11:21:03.421] [exthost] [info] ExtensionService#_doActivateExtension batisteo.vscode-django {"startup":false,"extensionId":{"value":"batisteo.vscode-django","_lower":"batisteo.vscode-django"},"activationEvent":"onLanguage:django-html"}
[2019-12-02 11:21:03.422] [exthost] [info] ExtensionService#loadCommonJSModule file:///home/sachin/.vscode/extensions/batisteo.vscode-django-0.19.0/out/extension
[2019-12-02 11:21:18.843] [exthost] [info] extension host started
[2019-12-02 11:21:18.873] [exthost] [info] ExtensionService#_doActivateExtension vscode.debug-auto-launch {"startup":true,"extensionId":{"value":"vscode.debug-auto-launch","_lower":"vscode.debug-auto-launch"},"activationEvent":"*"}
[2019-12-02 11:21:18.873] [exthost] [info] ExtensionService#loadCommonJSModule file:///snap/code/21/usr/share/code/resources/app/extensions/debug-auto-launch/dist/extension
[2019-12-02 11:21:18.875] [exthost] [info] ExtensionService#_doActivateExtension vscode.emmet {"startup":true,"extensionId":{"value":"vscode.emmet","_lower":"vscode.emmet"},"activationEvent":"*"}
[2019-12-02 11:21:18.875] [exthost] [info] ExtensionService#loadCommonJSModule file:///snap/code/21/usr/share/code/resources/app/extensions/emmet/dist/extension
[2019-12-02 11:21:18.886] [exthost] [info] ExtensionService#_doActivateExtension vscode.git {"startup":true,"extensionId":{"value":"waderyan.gitblame","_lower":"waderyan.gitblame"},"activationEvent":"*"}
[2019-12-02 11:21:18.886] [exthost] [info] ExtensionService#loadCommonJSModule file:///snap/code/21/usr/share/code/resources/app/extensions/git/dist/main
[2019-12-02 11:21:18.900] [exthost] [info] ExtensionService#_doActivateExtension vscode.merge-conflict {"startup":true,"extensionId":{"value":"vscode.merge-conflict","_lower":"vscode.merge-conflict"},"activationEvent":"*"}
[2019-12-02 11:21:18.900] [exthost] [info] ExtensionService#loadCommonJSModule file:///snap/code/21/usr/share/code/resources/app/extensions/merge-conflict/dist/extension
[2019-12-02 11:21:18.902] [exthost] [info] ExtensionService#_doActivateExtension eamodio.gitlens {"startup":true,"extensionId":{"value":"eamodio.gitlens","_lower":"eamodio.gitlens"},"activationEvent":"*"}
[2019-12-02 11:21:18.902] [exthost] [info] ExtensionService#loadCommonJSModule file:///home/sachin/.vscode/extensions/eamodio.gitlens-10.2.0/dist/extension
[2019-12-02 11:21:18.921] [exthost] [info] ExtensionService#_doActivateExtension esbenp.prettier-vscode {"startup":true,"extensionId":{"value":"esbenp.prettier-vscode","_lower":"esbenp.prettier-vscode"},"activationEvent":"*"}
[2019-12-02 11:21:18.921] [exthost] [info] ExtensionService#loadCommonJSModule file:///home/sachin/.vscode/extensions/esbenp.prettier-vscode-3.11.0/dist/extension
[2019-12-02 11:21:18.950] [exthost] [info] ExtensionService#_doActivateExtension filwaline.vscode-postfix-python {"startup":true,"extensionId":{"value":"filwaline.vscode-postfix-python","_lower":"filwaline.vscode-postfix-python"},"activationEvent":"*"}
[2019-12-02 11:21:18.950] [exthost] [info] ExtensionService#loadCommonJSModule file:///home/sachin/.vscode/extensions/filwaline.vscode-postfix-python-0.1.3/out/src/extension
[2019-12-02 11:21:19.062] [exthost] [info] ExtensionService#_doActivateExtension formulahendry.auto-close-tag {"startup":true,"extensionId":{"value":"formulahendry.auto-close-tag","_lower":"formulahendry.auto-close-tag"},"activationEvent":"*"}
[2019-12-02 11:21:19.062] [exthost] [info] ExtensionService#loadCommonJSModule file:///home/sachin/.vscode/extensions/formulahendry.auto-close-tag-0.5.6/out/src/extension
[2019-12-02 11:21:19.063] [exthost] [info] ExtensionService#_doActivateExtension formulahendry.auto-rename-tag {"startup":true,"extensionId":{"value":"formulahendry.auto-rename-tag","_lower":"formulahendry.auto-rename-tag"},"activationEvent":"*"}
[2019-12-02 11:21:19.063] [exthost] [info] ExtensionService#loadCommonJSModule file:///home/sachin/.vscode/extensions/formulahendry.auto-rename-tag-0.1.1/out/src/extension
[2019-12-02 11:21:19.065] [exthost] [info] ExtensionService#_doActivateExtension hbenl.vscode-test-explorer {"startup":true,"extensionId":{"value":"hbenl.vscode-test-explorer","_lower":"hbenl.vscode-test-explorer"},"activationEvent":"*"}
[2019-12-02 11:21:19.065] [exthost] [info] ExtensionService#loadCommonJSModule file:///home/sachin/.vscode/extensions/hbenl.vscode-test-explorer-2.14.6/out/main.js
[2019-12-02 11:21:19.084] [exthost] [info] ExtensionService#_doActivateExtension HookyQR.beautify {"startup":true,"extensionId":{"value":"HookyQR.beautify","_lower":"hookyqr.beautify"},"activationEvent":"*"}
[2019-12-02 11:21:19.084] [exthost] [info] ExtensionService#loadCommonJSModule file:///home/sachin/.vscode/extensions/hookyqr.beautify-1.5.0/extension
[2019-12-02 11:21:19.120] [exthost] [info] ExtensionService#_doActivateExtension ritwickdey.LiveServer {"startup":true,"extensionId":{"value":"ritwickdey.LiveServer","_lower":"ritwickdey.liveserver"},"activationEvent":"*"}
[2019-12-02 11:21:19.120] [exthost] [info] ExtensionService#loadCommonJSModule file:///home/sachin/.vscode/extensions/ritwickdey.liveserver-5.6.1/out/src/extension
[2019-12-02 11:21:19.453] [exthost] [info] ExtensionService#_doActivateExtension Zignd.html-css-class-completion {"startup":true,"extensionId":{"value":"Zignd.html-css-class-completion","_lower":"zignd.html-css-class-completion"},"activationEvent":"*"}
[2019-12-02 11:21:19.453] [exthost] [info] ExtensionService#loadCommonJSModule file:///home/sachin/.vscode/extensions/zignd.html-css-class-completion-1.19.0/out/src/extension
[2019-12-02 11:21:19.661] [exthost] [info] ExtensionService#_doActivateExtension vscode.npm {"startup":true,"extensionId":{"value":"vscode.npm","_lower":"vscode.npm"},"activationEvent":"workspaceContains:package.json"}
[2019-12-02 11:21:19.661] [exthost] [info] ExtensionService#loadCommonJSModule file:///snap/code/21/usr/share/code/resources/app/extensions/npm/dist/main
[2019-12-02 11:21:19.738] [exthost] [info] eager extensions activated
[2019-12-02 11:21:21.110] [exthost] [info] ExtensionService#_doActivateExtension waderyan.gitblame {"startup":true,"extensionId":{"value":"waderyan.gitblame","_lower":"waderyan.gitblame"},"activationEvent":"*"}
[2019-12-02 11:21:21.111] [exthost] [info] ExtensionService#loadCommonJSModule file:///home/sachin/.vscode/extensions/waderyan.gitblame-3.0.1/dist/bundle
[2019-12-02 11:21:21.281] [exthost] [info] ExtensionService#_doActivateExtension vscode.typescript-language-features {"startup":false,"extensionId":{"value":"vscode.typescript-language-features","_lower":"vscode.typescript-language-features"},"activationEvent":"onLanguage:javascript"}
[2019-12-02 11:21:21.281] [exthost] [info] ExtensionService#loadCommonJSModule file:///snap/code/21/usr/share/code/resources/app/extensions/typescript-language-features/dist/extension
[2019-12-02 11:21:21.324] [exthost] [info] ExtensionService#_doActivateExtension bierner.lit-html {"startup":false,"extensionId":{"value":"bierner.lit-html","_lower":"bierner.lit-html"},"activationEvent":"onLanguage:javascript"}
[2019-12-02 11:21:21.324] [exthost] [info] ExtensionService#loadCommonJSModule file:///home/sachin/.vscode/extensions/bierner.lit-html-1.11.1/out/index.js
[2019-12-02 11:21:21.326] [exthost] [info] ExtensionService#_doActivateExtension ecmel.vscode-html-css {"startup":false,"extensionId":{"value":"ecmel.vscode-html-css","_lower":"ecmel.vscode-html-css"},"activationEvent":"onLanguage:javascript"}
[2019-12-02 11:21:21.326] [exthost] [info] ExtensionService#loadCommonJSModule file:///home/sachin/.vscode/extensions/ecmel.vscode-html-css-0.2.3/dist/extension
[2019-12-02 11:21:21.453] [exthost] [info] ExtensionService#_doActivateExtension lonefy.vscode-JS-CSS-HTML-formatter {"startup":false,"extensionId":{"value":"lonefy.vscode-JS-CSS-HTML-formatter","_lower":"lonefy.vscode-js-css-html-formatter"},"activationEvent":"onLanguage:javascript"}
[2019-12-02 11:21:21.453] [exthost] [info] ExtensionService#loadCommonJSModule file:///home/sachin/.vscode/extensions/lonefy.vscode-js-css-html-formatter-0.2.3/out/src/extension
[2019-12-02 11:21:21.464] [exthost] [info] ExtensionService#_doActivateExtension VisualStudioExptTeam.vscodeintellicode {"startup":false,"extensionId":{"value":"VisualStudioExptTeam.vscodeintellicode","_lower":"visualstudioexptteam.vscodeintellicode"},"activationEvent":"onLanguage:javascript"}
[2019-12-02 11:21:21.464] [exthost] [info] ExtensionService#loadCommonJSModule file:///home/sachin/.vscode/extensions/visualstudioexptteam.vscodeintellicode-1.2.0/dist/intellicode
[2019-12-02 11:21:22.506] [exthost] [info] ExtensionService#_doActivateExtension vscode.configuration-editing {"startup":false,"extensionId":{"value":"vscode.configuration-editing","_lower":"vscode.configuration-editing"},"activationEvent":"onLanguage:jsonc"}
[2019-12-02 11:21:22.506] [exthost] [info] ExtensionService#loadCommonJSModule file:///snap/code/21/usr/share/code/resources/app/extensions/configuration-editing/dist/extension
[2019-12-02 11:21:22.520] [exthost] [info] ExtensionService#_doActivateExtension vscode.json-language-features {"startup":false,"extensionId":{"value":"vscode.json-language-features","_lower":"vscode.json-language-features"},"activationEvent":"onLanguage:jsonc"}
[2019-12-02 11:21:22.520] [exthost] [info] ExtensionService#loadCommonJSModule file:///snap/code/21/usr/share/code/resources/app/extensions/json-language-features/client/dist/jsonMain
[2019-12-02 11:21:26.641] [exthost] [info] ExtensionService#_doActivateExtension vscode.extension-editing {"startup":false,"extensionId":{"value":"vscode.extension-editing","_lower":"vscode.extension-editing"},"activationEvent":"onLanguage:typescript"}
[2019-12-02 11:21:26.641] [exthost] [info] ExtensionService#loadCommonJSModule file:///snap/code/21/usr/share/code/resources/app/extensions/extension-editing/dist/extension
